2020-05-21 09:35:41.917 INFO [main]com.example.demo.DemoApplication.logStarting:50 -Starting DemoApplication on DESKTOP-F8FBPPM with PID 82824 (F:\message\study\java\shiro\xdclass\springBoot_shiro\target\classes started by Sakura in F:\message\study\java\shiro\xdclass\springBoot_shiro)
2020-05-21 09:35:53.738 INFO [main]com.example.demo.DemoApplication.logStartupProfileInfo:680 -No active profile set, falling back to default profiles: default
2020-05-21 09:36:16.289 INFO [main]o.s.b.w.s.c.AnnotationConfigServletWebServerApplicationContext.prepareRefresh:590 -Refreshing org.springframework.boot.web.servlet.context.AnnotationConfigServletWebServerApplicationContext@142269f2: startup date [Thu May 21 09:36:16 CST 2020]; root of context hierarchy
2020-05-21 09:54:42.756 INFO [main]com.example.demo.DemoApplication.logStarting:50 -Starting DemoApplication on DESKTOP-F8FBPPM with PID 80100 (F:\message\study\java\shiro\xdclass\springBoot_shiro\target\classes started by Sakura in F:\message\study\java\shiro\xdclass\springBoot_shiro)
2020-05-21 09:54:42.756 INFO [main]com.example.demo.DemoApplication.logStartupProfileInfo:680 -No active profile set, falling back to default profiles: default
2020-05-21 09:54:44.262 INFO [main]o.s.b.w.s.c.AnnotationConfigServletWebServerApplicationContext.prepareRefresh:590 -Refreshing org.springframework.boot.web.servlet.context.AnnotationConfigServletWebServerApplicationContext@484094a5: startup date [Thu May 21 09:54:44 CST 2020]; root of context hierarchy
2020-05-21 09:54:50.437 INFO [main]o.s.c.s.PostProcessorRegistrationDelegate$BeanPostProcessorChecker.postProcessAfterInitialization:326 -Bean 'shiroConfig' of type [com.example.demo.config.shiro.ShiroConfig$$EnhancerBySpringCGLIB$$dea70f18] is not eligible for getting processed by all BeanPostProcessors (for example: not eligible for auto-proxying)
2020-05-21 09:54:51.314 INFO [main]o.s.c.s.PostProcessorRegistrationDelegate$BeanPostProcessorChecker.postProcessAfterInitialization:326 -Bean 'org.springframework.boot.context.properties.ConversionServiceDeducer$Factory' of type [org.springframework.boot.context.properties.ConversionServiceDeducer$Factory] is not eligible for getting processed by all BeanPostProcessors (for example: not eligible for auto-proxying)
2020-05-21 09:54:51.501 INFO [main]o.s.c.s.PostProcessorRegistrationDelegate$BeanPostProcessorChecker.postProcessAfterInitialization:326 -Bean 'mybatis-org.mybatis.spring.boot.autoconfigure.MybatisProperties' of type [org.mybatis.spring.boot.autoconfigure.MybatisProperties] is not eligible for getting processed by all BeanPostProcessors (for example: not eligible for auto-proxying)
2020-05-21 09:54:51.517 INFO [main]o.s.c.s.PostProcessorRegistrationDelegate$BeanPostProcessorChecker.postProcessAfterInitialization:326 -Bean 'org.mybatis.spring.boot.autoconfigure.MybatisAutoConfiguration' of type [org.mybatis.spring.boot.autoconfigure.MybatisAutoConfiguration$$EnhancerBySpringCGLIB$$61c7269f] is not eligible for getting processed by all BeanPostProcessors (for example: not eligible for auto-proxying)
2020-05-21 09:54:51.517 INFO [main]o.s.c.s.PostProcessorRegistrationDelegate$BeanPostProcessorChecker.postProcessAfterInitialization:326 -Bean 'org.springframework.boot.autoconfigure.jdbc.DataSourceConfiguration$Hikari' of type [org.springframework.boot.autoconfigure.jdbc.DataSourceConfiguration$Hikari] is not eligible for getting processed by all BeanPostProcessors (for example: not eligible for auto-proxying)
2020-05-21 09:54:51.532 INFO [main]o.s.c.s.PostProcessorRegistrationDelegate$BeanPostProcessorChecker.postProcessAfterInitialization:326 -Bean 'spring.datasource-org.springframework.boot.autoconfigure.jdbc.DataSourceProperties' of type [org.springframework.boot.autoconfigure.jdbc.DataSourceProperties] is not eligible for getting processed by all BeanPostProcessors (for example: not eligible for auto-proxying)
2020-05-21 09:54:51.626 INFO [main]o.s.c.s.PostProcessorRegistrationDelegate$BeanPostProcessorChecker.postProcessAfterInitialization:326 -Bean 'dataSource' of type [com.zaxxer.hikari.HikariDataSource] is not eligible for getting processed by all BeanPostProcessors (for example: not eligible for auto-proxying)
2020-05-21 09:54:51.642 INFO [main]o.s.c.s.PostProcessorRegistrationDelegate$BeanPostProcessorChecker.postProcessAfterInitialization:326 -Bean 'sqlSessionFactory' of type [org.apache.ibatis.session.defaults.DefaultSqlSessionFactory] is not eligible for getting processed by all BeanPostProcessors (for example: not eligible for auto-proxying)
2020-05-21 09:54:51.657 INFO [main]o.s.c.s.PostProcessorRegistrationDelegate$BeanPostProcessorChecker.postProcessAfterInitialization:326 -Bean 'sqlSessionTemplate' of type [org.mybatis.spring.SqlSessionTemplate] is not eligible for getting processed by all BeanPostProcessors (for example: not eligible for auto-proxying)
2020-05-21 09:54:51.689 INFO [main]o.s.c.s.PostProcessorRegistrationDelegate$BeanPostProcessorChecker.postProcessAfterInitialization:326 -Bean 'userMapper' of type [org.mybatis.spring.mapper.MapperFactoryBean] is not eligible for getting processed by all BeanPostProcessors (for example: not eligible for auto-proxying)
2020-05-21 09:54:51.704 INFO [main]o.s.c.s.PostProcessorRegistrationDelegate$BeanPostProcessorChecker.postProcessAfterInitialization:326 -Bean 'userMapper' of type [com.sun.proxy.$Proxy63] is not eligible for getting processed by all BeanPostProcessors (for example: not eligible for auto-proxying)
2020-05-21 09:54:51.704 INFO [main]o.s.c.s.PostProcessorRegistrationDelegate$BeanPostProcessorChecker.postProcessAfterInitialization:326 -Bean 'userServiceImpl' of type [com.example.demo.service.impl.UserServiceImpl] is not eligible for getting processed by all BeanPostProcessors (for example: not eligible for auto-proxying)
2020-05-21 09:54:51.704 INFO [main]o.s.c.s.PostProcessorRegistrationDelegate$BeanPostProcessorChecker.postProcessAfterInitialization:326 -Bean 'customRealm' of type [com.example.demo.config.shiro.realm.CustomRealm] is not eligible for getting processed by all BeanPostProcessors (for example: not eligible for auto-proxying)
2020-05-21 09:54:51.757 INFO [main]o.s.c.s.PostProcessorRegistrationDelegate$BeanPostProcessorChecker.postProcessAfterInitialization:326 -Bean 'getRedisManager' of type [org.crazycake.shiro.RedisManager] is not eligible for getting processed by all BeanPostProcessors (for example: not eligible for auto-proxying)
2020-05-21 09:54:51.757 INFO [main]o.s.c.s.PostProcessorRegistrationDelegate$BeanPostProcessorChecker.postProcessAfterInitialization:326 -Bean 'cacheManager' of type [org.crazycake.shiro.RedisCacheManager] is not eligible for getting processed by all BeanPostProcessors (for example: not eligible for auto-proxying)
2020-05-21 09:54:51.773 INFO [main]o.s.c.s.PostProcessorRegistrationDelegate$BeanPostProcessorChecker.postProcessAfterInitialization:326 -Bean 'customCreateSessionid' of type [com.example.demo.config.shiro.sessionid.CustomCreateSessionid] is not eligible for getting processed by all BeanPostProcessors (for example: not eligible for auto-proxying)
2020-05-21 09:54:51.773 INFO [main]o.s.c.s.PostProcessorRegistrationDelegate$BeanPostProcessorChecker.postProcessAfterInitialization:326 -Bean 'getRedisSessionDAO' of type [org.crazycake.shiro.RedisSessionDAO] is not eligible for getting processed by all BeanPostProcessors (for example: not eligible for auto-proxying)
2020-05-21 09:54:51.789 INFO [main]o.s.c.s.PostProcessorRegistrationDelegate$BeanPostProcessorChecker.postProcessAfterInitialization:326 -Bean 'sessionManager' of type [org.apache.shiro.web.session.mgt.DefaultWebSessionManager] is not eligible for getting processed by all BeanPostProcessors (for example: not eligible for auto-proxying)
2020-05-21 09:54:51.804 INFO [main]o.s.c.s.PostProcessorRegistrationDelegate$BeanPostProcessorChecker.postProcessAfterInitialization:326 -Bean 'securityManager' of type [org.apache.shiro.web.mgt.DefaultWebSecurityManager] is not eligible for getting processed by all BeanPostProcessors (for example: not eligible for auto-proxying)
2020-05-21 09:54:51.894 INFO [main]o.s.c.s.PostProcessorRegistrationDelegate$BeanPostProcessorChecker.postProcessAfterInitialization:326 -Bean 'org.springframework.transaction.annotation.ProxyTransactionManagementConfiguration' of type [org.springframework.transaction.annotation.ProxyTransactionManagementConfiguration$$EnhancerBySpringCGLIB$$2ef2d56f] is not eligible for getting processed by all BeanPostProcessors (for example: not eligible for auto-proxying)
2020-05-21 09:57:53.812 INFO [main]o.s.boot.web.embedded.tomcat.TomcatWebServer.initialize:91 -Tomcat initialized with port(s): 8080 (http)
2020-05-21 09:57:53.889 INFO [main]org.apache.coyote.http11.Http11NioProtocol.log:180 -Initializing ProtocolHandler ["http-nio-8080"]
2020-05-21 09:57:53.977 INFO [main]org.apache.catalina.core.StandardService.log:180 -Starting service [Tomcat]
2020-05-21 09:57:53.977 INFO [main]org.apache.catalina.core.StandardEngine.log:180 -Starting Servlet Engine: Apache Tomcat/8.5.34
2020-05-21 09:57:53.992 INFO [localhost-startStop-1]org.apache.catalina.core.AprLifecycleListener.log:180 -The APR based Apache Tomcat Native library which allows optimal performance in production environments was not found on the java.library.path: [D:\configure\jdk1.8\bin;C:\WINDOWS\Sun\Java\bin;C:\WINDOWS\system32;C:\WINDOWS;G:\oracle\product\10.2.0\db_1\bin;D:\configure\jdk1.8\bin;C:\Program Files (x86)\Common Files\Oracle\Java\javapath;C:\WINDOWS\system32;C:\WINDOWS;C:\WINDOWS\System32\Wbem;C:\WINDOWS\System32\WindowsPowerShell\v1.0\;C:\WINDOWS\System32\OpenSSH\;D:\Program Files\apache-maven-3.3.9\bin;%ZOOKEEPER_HOME%\bin;%ZOOKEEPER_HOME%\conf;C:\Program Files\dotnet\;C:\Program Files (x86)\dotnet\;D:\Program Files\gradle-5.2.1\bin;D:\Program Files\git\cmd;C:\Program Files\node-v8.9.3-win-x64;D:\Program Files\OCR\Tesseract-OCR;C:\Users\Sakura\AppData\Local\Microsoft\WindowsApps;C:\Users\Sakura\AppData\Roaming\npm;D:\Fidder\Fiddler;.]
2020-05-21 09:57:54.147 INFO [localhost-startStop-1]o.a.catalina.core.ContainerBase.[Tomcat].[localhost].[/].log:180 -Initializing Spring embedded WebApplicationContext
2020-05-21 09:57:54.147 INFO [localhost-startStop-1]org.springframework.web.context.ContextLoader.prepareWebApplicationContext:285 -Root WebApplicationContext: initialization completed in 189885 ms
2020-05-21 09:57:54.460 INFO [localhost-startStop-1]o.s.boot.web.servlet.ServletRegistrationBean.addRegistration:187 -Servlet dispatcherServlet mapped to [/]
2020-05-21 09:57:54.475 INFO [localhost-startStop-1]o.s.boot.web.servlet.FilterRegistrationBean.configure:245 -Mapping filter: 'characterEncodingFilter' to: [/*]
2020-05-21 09:57:54.475 INFO [localhost-startStop-1]o.s.boot.web.servlet.FilterRegistrationBean.configure:245 -Mapping filter: 'checkDeviceFilter' to: [/*]
2020-05-21 09:57:54.475 INFO [localhost-startStop-1]o.s.boot.web.servlet.FilterRegistrationBean.configure:245 -Mapping filter: 'CSRFFilter' to: [/*]
2020-05-21 09:57:54.475 INFO [localhost-startStop-1]o.s.boot.web.servlet.FilterRegistrationBean.configure:245 -Mapping filter: 'xssFilter' to: [/*]
2020-05-21 09:57:54.475 INFO [localhost-startStop-1]o.s.boot.web.servlet.FilterRegistrationBean.configure:245 -Mapping filter: 'shiroFilterFactoryBean' to: [/*]
2020-05-21 10:24:44.633 INFO [main]com.example.demo.DemoApplication.logStarting:50 -Starting DemoApplication on DESKTOP-F8FBPPM with PID 127092 (F:\message\study\java\shiro\xdclass\springBoot_shiro\target\classes started by Sakura in F:\message\study\java\shiro\xdclass\springBoot_shiro)
2020-05-21 10:24:44.648 INFO [main]com.example.demo.DemoApplication.logStartupProfileInfo:680 -No active profile set, falling back to default profiles: default
2020-05-21 10:24:47.160 INFO [main]o.s.b.w.s.c.AnnotationConfigServletWebServerApplicationContext.prepareRefresh:590 -Refreshing org.springframework.boot.web.servlet.context.AnnotationConfigServletWebServerApplicationContext@7a1a3478: startup date [Thu May 21 10:24:47 CST 2020]; root of context hierarchy
2020-05-21 11:51:04.455 INFO [main]com.example.demo.DemoApplication.logStarting:50 -Starting DemoApplication on DESKTOP-F8FBPPM with PID 182656 (F:\message\study\java\shiro\xdclass\springBoot_shiro\target\classes started by Sakura in F:\message\study\java\shiro\xdclass\springBoot_shiro)
2020-05-21 11:51:04.455 INFO [main]com.example.demo.DemoApplication.logStartupProfileInfo:680 -No active profile set, falling back to default profiles: default
2020-05-21 11:51:04.549 INFO [main]o.s.b.w.s.c.AnnotationConfigServletWebServerApplicationContext.prepareRefresh:590 -Refreshing org.springframework.boot.web.servlet.context.AnnotationConfigServletWebServerApplicationContext@4dd02341: startup date [Thu May 21 11:51:04 CST 2020]; root of context hierarchy
2020-05-21 11:51:09.200 INFO [main]o.s.c.s.PostProcessorRegistrationDelegate$BeanPostProcessorChecker.postProcessAfterInitialization:326 -Bean 'shiroConfig' of type [com.example.demo.config.shiro.ShiroConfig$$EnhancerBySpringCGLIB$$9f32c121] is not eligible for getting processed by all BeanPostProcessors (for example: not eligible for auto-proxying)
2020-05-21 11:51:09.975 INFO [main]o.s.c.s.PostProcessorRegistrationDelegate$BeanPostProcessorChecker.postProcessAfterInitialization:326 -Bean 'org.springframework.boot.context.properties.ConversionServiceDeducer$Factory' of type [org.springframework.boot.context.properties.ConversionServiceDeducer$Factory] is not eligible for getting processed by all BeanPostProcessors (for example: not eligible for auto-proxying)
2020-05-21 11:51:10.115 INFO [main]o.s.c.s.PostProcessorRegistrationDelegate$BeanPostProcessorChecker.postProcessAfterInitialization:326 -Bean 'mybatis-org.mybatis.spring.boot.autoconfigure.MybatisProperties' of type [org.mybatis.spring.boot.autoconfigure.MybatisProperties] is not eligible for getting processed by all BeanPostProcessors (for example: not eligible for auto-proxying)
2020-05-21 11:51:10.131 INFO [main]o.s.c.s.PostProcessorRegistrationDelegate$BeanPostProcessorChecker.postProcessAfterInitialization:326 -Bean 'org.mybatis.spring.boot.autoconfigure.MybatisAutoConfiguration' of type [org.mybatis.spring.boot.autoconfigure.MybatisAutoConfiguration$$EnhancerBySpringCGLIB$$2252d8a8] is not eligible for getting processed by all BeanPostProcessors (for example: not eligible for auto-proxying)
2020-05-21 11:51:10.131 INFO [main]o.s.c.s.PostProcessorRegistrationDelegate$BeanPostProcessorChecker.postProcessAfterInitialization:326 -Bean 'org.springframework.boot.autoconfigure.jdbc.DataSourceConfiguration$Hikari' of type [org.springframework.boot.autoconfigure.jdbc.DataSourceConfiguration$Hikari] is not eligible for getting processed by all BeanPostProcessors (for example: not eligible for auto-proxying)
2020-05-21 11:51:10.153 INFO [main]o.s.c.s.PostProcessorRegistrationDelegate$BeanPostProcessorChecker.postProcessAfterInitialization:326 -Bean 'spring.datasource-org.springframework.boot.autoconfigure.jdbc.DataSourceProperties' of type [org.springframework.boot.autoconfigure.jdbc.DataSourceProperties] is not eligible for getting processed by all BeanPostProcessors (for example: not eligible for auto-proxying)
2020-05-21 11:51:10.248 INFO [main]o.s.c.s.PostProcessorRegistrationDelegate$BeanPostProcessorChecker.postProcessAfterInitialization:326 -Bean 'dataSource' of type [com.zaxxer.hikari.HikariDataSource] is not eligible for getting processed by all BeanPostProcessors (for example: not eligible for auto-proxying)
2020-05-21 11:51:10.264 INFO [main]o.s.c.s.PostProcessorRegistrationDelegate$BeanPostProcessorChecker.postProcessAfterInitialization:326 -Bean 'sqlSessionFactory' of type [org.apache.ibatis.session.defaults.DefaultSqlSessionFactory] is not eligible for getting processed by all BeanPostProcessors (for example: not eligible for auto-proxying)
2020-05-21 11:51:10.279 INFO [main]o.s.c.s.PostProcessorRegistrationDelegate$BeanPostProcessorChecker.postProcessAfterInitialization:326 -Bean 'sqlSessionTemplate' of type [org.mybatis.spring.SqlSessionTemplate] is not eligible for getting processed by all BeanPostProcessors (for example: not eligible for auto-proxying)
2020-05-21 11:51:10.326 INFO [main]o.s.c.s.PostProcessorRegistrationDelegate$BeanPostProcessorChecker.postProcessAfterInitialization:326 -Bean 'userMapper' of type [org.mybatis.spring.mapper.MapperFactoryBean] is not eligible for getting processed by all BeanPostProcessors (for example: not eligible for auto-proxying)
2020-05-21 11:51:10.342 INFO [main]o.s.c.s.PostProcessorRegistrationDelegate$BeanPostProcessorChecker.postProcessAfterInitialization:326 -Bean 'userMapper' of type [com.sun.proxy.$Proxy63] is not eligible for getting processed by all BeanPostProcessors (for example: not eligible for auto-proxying)
2020-05-21 11:51:10.342 INFO [main]o.s.c.s.PostProcessorRegistrationDelegate$BeanPostProcessorChecker.postProcessAfterInitialization:326 -Bean 'userServiceImpl' of type [com.example.demo.service.impl.UserServiceImpl] is not eligible for getting processed by all BeanPostProcessors (for example: not eligible for auto-proxying)
2020-05-21 11:51:10.342 INFO [main]o.s.c.s.PostProcessorRegistrationDelegate$BeanPostProcessorChecker.postProcessAfterInitialization:326 -Bean 'customRealm' of type [com.example.demo.config.shiro.realm.CustomRealm] is not eligible for getting processed by all BeanPostProcessors (for example: not eligible for auto-proxying)
2020-05-21 11:51:10.357 INFO [main]o.s.c.s.PostProcessorRegistrationDelegate$BeanPostProcessorChecker.postProcessAfterInitialization:326 -Bean 'getRedisManager' of type [org.crazycake.shiro.RedisManager] is not eligible for getting processed by all BeanPostProcessors (for example: not eligible for auto-proxying)
2020-05-21 11:51:10.357 INFO [main]o.s.c.s.PostProcessorRegistrationDelegate$BeanPostProcessorChecker.postProcessAfterInitialization:326 -Bean 'cacheManager' of type [org.crazycake.shiro.RedisCacheManager] is not eligible for getting processed by all BeanPostProcessors (for example: not eligible for auto-proxying)
2020-05-21 11:51:10.373 INFO [main]o.s.c.s.PostProcessorRegistrationDelegate$BeanPostProcessorChecker.postProcessAfterInitialization:326 -Bean 'customCreateSessionid' of type [com.example.demo.config.shiro.sessionid.CustomCreateSessionid] is not eligible for getting processed by all BeanPostProcessors (for example: not eligible for auto-proxying)
2020-05-21 11:51:10.373 INFO [main]o.s.c.s.PostProcessorRegistrationDelegate$BeanPostProcessorChecker.postProcessAfterInitialization:326 -Bean 'getRedisSessionDAO' of type [org.crazycake.shiro.RedisSessionDAO] is not eligible for getting processed by all BeanPostProcessors (for example: not eligible for auto-proxying)
2020-05-21 11:51:10.389 INFO [main]o.s.c.s.PostProcessorRegistrationDelegate$BeanPostProcessorChecker.postProcessAfterInitialization:326 -Bean 'sessionManager' of type [org.apache.shiro.web.session.mgt.DefaultWebSessionManager] is not eligible for getting processed by all BeanPostProcessors (for example: not eligible for auto-proxying)
2020-05-21 11:51:10.404 INFO [main]o.s.c.s.PostProcessorRegistrationDelegate$BeanPostProcessorChecker.postProcessAfterInitialization:326 -Bean 'securityManager' of type [org.apache.shiro.web.mgt.DefaultWebSecurityManager] is not eligible for getting processed by all BeanPostProcessors (for example: not eligible for auto-proxying)
2020-05-21 11:51:10.473 INFO [main]o.s.c.s.PostProcessorRegistrationDelegate$BeanPostProcessorChecker.postProcessAfterInitialization:326 -Bean 'org.springframework.transaction.annotation.ProxyTransactionManagementConfiguration' of type [org.springframework.transaction.annotation.ProxyTransactionManagementConfiguration$$EnhancerBySpringCGLIB$$ef7e8778] is not eligible for getting processed by all BeanPostProcessors (for example: not eligible for auto-proxying)
2020-05-21 11:51:15.437 INFO [main]o.s.boot.web.embedded.tomcat.TomcatWebServer.initialize:91 -Tomcat initialized with port(s): 8080 (http)
2020-05-21 11:51:15.453 INFO [main]org.apache.coyote.http11.Http11NioProtocol.log:180 -Initializing ProtocolHandler ["http-nio-8080"]
2020-05-21 11:51:15.468 INFO [main]org.apache.catalina.core.StandardService.log:180 -Starting service [Tomcat]
2020-05-21 11:51:15.468 INFO [main]org.apache.catalina.core.StandardEngine.log:180 -Starting Servlet Engine: Apache Tomcat/8.5.34
2020-05-21 11:51:15.468 INFO [localhost-startStop-1]org.apache.catalina.core.AprLifecycleListener.log:180 -The APR based Apache Tomcat Native library which allows optimal performance in production environments was not found on the java.library.path: [D:\configure\jdk1.8\bin;C:\WINDOWS\Sun\Java\bin;C:\WINDOWS\system32;C:\WINDOWS;G:\oracle\product\10.2.0\db_1\bin;D:\configure\jdk1.8\bin;C:\Program Files (x86)\Common Files\Oracle\Java\javapath;C:\WINDOWS\system32;C:\WINDOWS;C:\WINDOWS\System32\Wbem;C:\WINDOWS\System32\WindowsPowerShell\v1.0\;C:\WINDOWS\System32\OpenSSH\;D:\Program Files\apache-maven-3.3.9\bin;%ZOOKEEPER_HOME%\bin;%ZOOKEEPER_HOME%\conf;C:\Program Files\dotnet\;C:\Program Files (x86)\dotnet\;D:\Program Files\gradle-5.2.1\bin;D:\Program Files\git\cmd;C:\Program Files\node-v8.9.3-win-x64;D:\Program Files\OCR\Tesseract-OCR;C:\Users\Sakura\AppData\Local\Microsoft\WindowsApps;C:\Users\Sakura\AppData\Roaming\npm;D:\Fidder\Fiddler;.]
2020-05-21 11:51:15.874 INFO [localhost-startStop-1]o.a.catalina.core.ContainerBase.[Tomcat].[localhost].[/].log:180 -Initializing Spring embedded WebApplicationContext
2020-05-21 11:51:15.874 INFO [localhost-startStop-1]org.springframework.web.context.ContextLoader.prepareWebApplicationContext:285 -Root WebApplicationContext: initialization completed in 11325 ms
2020-05-21 11:51:15.984 INFO [localhost-startStop-1]o.s.boot.web.servlet.ServletRegistrationBean.addRegistration:187 -Servlet dispatcherServlet mapped to [/]
2020-05-21 11:51:15.999 INFO [localhost-startStop-1]o.s.boot.web.servlet.FilterRegistrationBean.configure:245 -Mapping filter: 'characterEncodingFilter' to: [/*]
2020-05-21 11:51:15.999 INFO [localhost-startStop-1]o.s.boot.web.servlet.FilterRegistrationBean.configure:245 -Mapping filter: 'checkDeviceFilter' to: [/*]
2020-05-21 11:51:15.999 INFO [localhost-startStop-1]o.s.boot.web.servlet.FilterRegistrationBean.configure:245 -Mapping filter: 'CSRFFilter' to: [/*]
2020-05-21 11:51:15.999 INFO [localhost-startStop-1]o.s.boot.web.servlet.FilterRegistrationBean.configure:245 -Mapping filter: 'xssFilter' to: [/*]
2020-05-21 11:51:15.999 INFO [localhost-startStop-1]o.s.boot.web.servlet.FilterRegistrationBean.configure:245 -Mapping filter: 'shiroFilterFactoryBean' to: [/*]
2020-05-21 11:51:17.039 INFO [main]o.s.w.s.m.method.annotation.RequestMappingHandlerMapping.register:549 -Mapped "{[/authc/query]}" onto public java.lang.String com.example.demo.controller.shiro.authc.UserController.query()
2020-05-21 11:51:17.039 INFO [main]o.s.w.s.m.method.annotation.RequestMappingHandlerMapping.register:549 -Mapped "{[/authc/queryUser],methods=[POST]}" onto public com.example.demo.domain.Users com.example.demo.controller.shiro.authc.UserController.queryUser(javax.servlet.http.HttpServletRequest)
2020-05-21 11:51:17.039 INFO [main]o.s.w.s.m.method.annotation.RequestMappingHandlerMapping.register:549 -Mapped "{[/pub/need_login]}" onto public java.lang.String com.example.demo.controller.shiro.pub.PublicController.needLogin()
2020-05-21 11:51:17.039 INFO [main]o.s.w.s.m.method.annotation.RequestMappingHandlerMapping.register:549 -Mapped "{[/pub/not_permit]}" onto public java.lang.String com.example.demo.controller.shiro.pub.PublicController.notPermit()
2020-05-21 11:51:17.039 INFO [main]o.s.w.s.m.method.annotation.RequestMappingHandlerMapping.register:549 -Mapped "{[/pub/login],methods=[POST]}" onto public com.example.demo.util.JsonData com.example.demo.controller.shiro.pub.PublicController.login(com.example.demo.dto.QueryUser,javax.servlet.http.HttpServletRequest,javax.servlet.http.HttpServletResponse)
2020-05-21 11:51:17.039 INFO [main]o.s.w.s.m.method.annotation.RequestMappingHandlerMapping.register:549 -Mapped "{[/video/update]}" onto public java.lang.String com.example.demo.controller.shiro.role.EditorRoleController.query()
2020-05-21 11:51:17.039 INFO [main]o.s.w.s.m.method.annotation.RequestMappingHandlerMapping.register:549 -Mapped "{[/admin/query],methods=[POST]}" onto public java.lang.String com.example.demo.controller.shiro.root.AdminRoleController.query()
2020-05-21 11:51:17.039 INFO [main]o.s.w.s.m.method.annotation.RequestMappingHandlerMapping.register:549 -Mapped "{[/test/es],methods=[GET]}" onto public com.example.demo.util.JsonData com.example.demo.test.es.TestController.testEs() throws java.io.IOException
2020-05-21 11:51:17.055 INFO [main]o.s.w.s.m.method.annotation.RequestMappingHandlerMapping.register:549 -Mapped "{[/error]}" onto public org.springframework.http.ResponseEntity<java.util.Map<java.lang.String, java.lang.Object>> org.springframework.boot.autoconfigure.web.servlet.error.BasicErrorController.error(javax.servlet.http.HttpServletRequest)
2020-05-21 11:51:17.055 INFO [main]o.s.w.s.m.method.annotation.RequestMappingHandlerMapping.register:549 -Mapped "{[/error],produces=[text/html]}" onto public org.springframework.web.servlet.ModelAndView org.springframework.boot.autoconfigure.web.servlet.error.BasicErrorController.errorHtml(javax.servlet.http.HttpServletRequest,javax.servlet.http.HttpServletResponse)
2020-05-21 11:51:17.178 INFO [main]o.s.w.s.m.method.annotation.RequestMappingHandlerAdapter.initControllerAdviceCache:588 -Looking for @ControllerAdvice: org.springframework.boot.web.servlet.context.AnnotationConfigServletWebServerApplicationContext@4dd02341: startup date [Thu May 21 11:51:04 CST 2020]; root of context hierarchy
2020-05-21 11:51:17.225 INFO [main]o.s.w.s.m.m.annotation.ExceptionHandlerExceptionResolver.initExceptionHandlerAdviceCache:288 -Detected @ExceptionHandler methods in customExceptionHandler
2020-05-21 11:51:17.999 INFO [main]o.s.jmx.export.annotation.AnnotationMBeanExporter.afterSingletonsInstantiated:433 -Registering beans for JMX exposure on startup
2020-05-21 11:51:18.014 INFO [main]o.s.jmx.export.annotation.AnnotationMBeanExporter.autodetect:895 -Bean with name 'dataSource' has been autodetected for JMX exposure
2020-05-21 11:51:18.014 INFO [main]o.s.jmx.export.annotation.AnnotationMBeanExporter.registerBeanInstance:668 -Located MBean 'dataSource': registering with JMX server as MBean [com.zaxxer.hikari:name=dataSource,type=HikariDataSource]
2020-05-21 11:51:18.030 INFO [main]org.apache.coyote.http11.Http11NioProtocol.log:180 -Starting ProtocolHandler ["http-nio-8080"]
2020-05-21 11:51:18.030 INFO [main]org.apache.tomcat.util.net.NioSelectorPool.log:180 -Using a shared selector for servlet write/read
2020-05-21 11:51:18.061 INFO [main]o.s.boot.web.embedded.tomcat.TomcatWebServer.start:206 -Tomcat started on port(s): 8080 (http) with context path ''
2020-05-21 11:51:18.061 INFO [main]com.example.demo.DemoApplication.logStarted:59 -Started DemoApplication in 14.461 seconds (JVM running for 23.737)
2020-05-21 11:58:48.260 INFO [Thread-19]o.s.b.w.s.c.AnnotationConfigServletWebServerApplicationContext.doClose:993 -Closing org.springframework.boot.web.servlet.context.AnnotationConfigServletWebServerApplicationContext@4dd02341: startup date [Thu May 21 11:51:04 CST 2020]; root of context hierarchy
2020-05-21 11:58:48.260 INFO [Thread-19]o.s.jmx.export.annotation.AnnotationMBeanExporter.destroy:451 -Unregistering JMX-exposed beans on shutdown
2020-05-21 11:58:48.260 INFO [Thread-19]o.s.jmx.export.annotation.AnnotationMBeanExporter.unregisterBeans:185 -Unregistering JMX-exposed beans
2020-05-21 11:59:09.298 INFO [main]com.example.demo.DemoApplication.logStarting:50 -Starting DemoApplication on DESKTOP-F8FBPPM with PID 204824 (F:\message\study\java\shiro\xdclass\springBoot_shiro\target\classes started by Sakura in F:\message\study\java\shiro\xdclass\springBoot_shiro)
2020-05-21 11:59:09.314 INFO [main]com.example.demo.DemoApplication.logStartupProfileInfo:680 -No active profile set, falling back to default profiles: default
2020-05-21 11:59:09.408 INFO [main]o.s.b.w.s.c.AnnotationConfigServletWebServerApplicationContext.prepareRefresh:590 -Refreshing org.springframework.boot.web.servlet.context.AnnotationConfigServletWebServerApplicationContext@33d512c1: startup date [Thu May 21 11:59:09 CST 2020]; root of context hierarchy
2020-05-21 11:59:11.179 INFO [main]o.s.c.s.PostProcessorRegistrationDelegate$BeanPostProcessorChecker.postProcessAfterInitialization:326 -Bean 'shiroConfig' of type [com.example.demo.config.shiro.ShiroConfig$$EnhancerBySpringCGLIB$$e45c5663] is not eligible for getting processed by all BeanPostProcessors (for example: not eligible for auto-proxying)
2020-05-21 11:59:12.022 INFO [main]o.s.c.s.PostProcessorRegistrationDelegate$BeanPostProcessorChecker.postProcessAfterInitialization:326 -Bean 'org.springframework.boot.context.properties.ConversionServiceDeducer$Factory' of type [org.springframework.boot.context.properties.ConversionServiceDeducer$Factory] is not eligible for getting processed by all BeanPostProcessors (for example: not eligible for auto-proxying)
2020-05-21 11:59:12.100 INFO [main]o.s.c.s.PostProcessorRegistrationDelegate$BeanPostProcessorChecker.postProcessAfterInitialization:326 -Bean 'mybatis-org.mybatis.spring.boot.autoconfigure.MybatisProperties' of type [org.mybatis.spring.boot.autoconfigure.MybatisProperties] is not eligible for getting processed by all BeanPostProcessors (for example: not eligible for auto-proxying)
2020-05-21 11:59:12.100 INFO [main]o.s.c.s.PostProcessorRegistrationDelegate$BeanPostProcessorChecker.postProcessAfterInitialization:326 -Bean 'org.mybatis.spring.boot.autoconfigure.MybatisAutoConfiguration' of type [org.mybatis.spring.boot.autoconfigure.MybatisAutoConfiguration$$EnhancerBySpringCGLIB$$677c6dea] is not eligible for getting processed by all BeanPostProcessors (for example: not eligible for auto-proxying)
2020-05-21 11:59:12.116 INFO [main]o.s.c.s.PostProcessorRegistrationDelegate$BeanPostProcessorChecker.postProcessAfterInitialization:326 -Bean 'org.springframework.boot.autoconfigure.jdbc.DataSourceConfiguration$Hikari' of type [org.springframework.boot.autoconfigure.jdbc.DataSourceConfiguration$Hikari] is not eligible for getting processed by all BeanPostProcessors (for example: not eligible for auto-proxying)
2020-05-21 11:59:12.116 INFO [main]o.s.c.s.PostProcessorRegistrationDelegate$BeanPostProcessorChecker.postProcessAfterInitialization:326 -Bean 'spring.datasource-org.springframework.boot.autoconfigure.jdbc.DataSourceProperties' of type [org.springframework.boot.autoconfigure.jdbc.DataSourceProperties] is not eligible for getting processed by all BeanPostProcessors (for example: not eligible for auto-proxying)
2020-05-21 11:59:12.178 INFO [main]o.s.c.s.PostProcessorRegistrationDelegate$BeanPostProcessorChecker.postProcessAfterInitialization:326 -Bean 'dataSource' of type [com.zaxxer.hikari.HikariDataSource] is not eligible for getting processed by all BeanPostProcessors (for example: not eligible for auto-proxying)
2020-05-21 11:59:12.194 INFO [main]o.s.c.s.PostProcessorRegistrationDelegate$BeanPostProcessorChecker.postProcessAfterInitialization:326 -Bean 'sqlSessionFactory' of type [org.apache.ibatis.session.defaults.DefaultSqlSessionFactory] is not eligible for getting processed by all BeanPostProcessors (for example: not eligible for auto-proxying)
2020-05-21 11:59:12.210 INFO [main]o.s.c.s.PostProcessorRegistrationDelegate$BeanPostProcessorChecker.postProcessAfterInitialization:326 -Bean 'sqlSessionTemplate' of type [org.mybatis.spring.SqlSessionTemplate] is not eligible for getting processed by all BeanPostProcessors (for example: not eligible for auto-proxying)
2020-05-21 11:59:12.225 INFO [main]o.s.c.s.PostProcessorRegistrationDelegate$BeanPostProcessorChecker.postProcessAfterInitialization:326 -Bean 'userMapper' of type [org.mybatis.spring.mapper.MapperFactoryBean] is not eligible for getting processed by all BeanPostProcessors (for example: not eligible for auto-proxying)
2020-05-21 11:59:12.241 INFO [main]o.s.c.s.PostProcessorRegistrationDelegate$BeanPostProcessorChecker.postProcessAfterInitialization:326 -Bean 'userMapper' of type [com.sun.proxy.$Proxy63] is not eligible for getting processed by all BeanPostProcessors (for example: not eligible for auto-proxying)
2020-05-21 11:59:12.241 INFO [main]o.s.c.s.PostProcessorRegistrationDelegate$BeanPostProcessorChecker.postProcessAfterInitialization:326 -Bean 'userServiceImpl' of type [com.example.demo.service.impl.UserServiceImpl] is not eligible for getting processed by all BeanPostProcessors (for example: not eligible for auto-proxying)
2020-05-21 11:59:12.241 INFO [main]o.s.c.s.PostProcessorRegistrationDelegate$BeanPostProcessorChecker.postProcessAfterInitialization:326 -Bean 'customRealm' of type [com.example.demo.config.shiro.realm.CustomRealm] is not eligible for getting processed by all BeanPostProcessors (for example: not eligible for auto-proxying)
2020-05-21 11:59:12.256 INFO [main]o.s.c.s.PostProcessorRegistrationDelegate$BeanPostProcessorChecker.postProcessAfterInitialization:326 -Bean 'getRedisManager' of type [org.crazycake.shiro.RedisManager] is not eligible for getting processed by all BeanPostProcessors (for example: not eligible for auto-proxying)
2020-05-21 11:59:12.256 INFO [main]o.s.c.s.PostProcessorRegistrationDelegate$BeanPostProcessorChecker.postProcessAfterInitialization:326 -Bean 'cacheManager' of type [org.crazycake.shiro.RedisCacheManager] is not eligible for getting processed by all BeanPostProcessors (for example: not eligible for auto-proxying)
2020-05-21 11:59:12.272 INFO [main]o.s.c.s.PostProcessorRegistrationDelegate$BeanPostProcessorChecker.postProcessAfterInitialization:326 -Bean 'customCreateSessionid' of type [com.example.demo.config.shiro.sessionid.CustomCreateSessionid] is not eligible for getting processed by all BeanPostProcessors (for example: not eligible for auto-proxying)
2020-05-21 11:59:12.272 INFO [main]o.s.c.s.PostProcessorRegistrationDelegate$BeanPostProcessorChecker.postProcessAfterInitialization:326 -Bean 'getRedisSessionDAO' of type [org.crazycake.shiro.RedisSessionDAO] is not eligible for getting processed by all BeanPostProcessors (for example: not eligible for auto-proxying)
2020-05-21 11:59:12.288 INFO [main]o.s.c.s.PostProcessorRegistrationDelegate$BeanPostProcessorChecker.postProcessAfterInitialization:326 -Bean 'sessionManager' of type [org.apache.shiro.web.session.mgt.DefaultWebSessionManager] is not eligible for getting processed by all BeanPostProcessors (for example: not eligible for auto-proxying)
2020-05-21 11:59:12.303 INFO [main]o.s.c.s.PostProcessorRegistrationDelegate$BeanPostProcessorChecker.postProcessAfterInitialization:326 -Bean 'securityManager' of type [org.apache.shiro.web.mgt.DefaultWebSecurityManager] is not eligible for getting processed by all BeanPostProcessors (for example: not eligible for auto-proxying)
2020-05-21 11:59:12.350 INFO [main]o.s.c.s.PostProcessorRegistrationDelegate$BeanPostProcessorChecker.postProcessAfterInitialization:326 -Bean 'org.springframework.transaction.annotation.ProxyTransactionManagementConfiguration' of type [org.springframework.transaction.annotation.ProxyTransactionManagementConfiguration$$EnhancerBySpringCGLIB$$34a81cba] is not eligible for getting processed by all BeanPostProcessors (for example: not eligible for auto-proxying)
2020-05-21 11:59:12.772 INFO [main]o.s.boot.web.embedded.tomcat.TomcatWebServer.initialize:91 -Tomcat initialized with port(s): 8080 (http)
2020-05-21 11:59:12.788 INFO [main]org.apache.coyote.http11.Http11NioProtocol.log:180 -Initializing ProtocolHandler ["http-nio-8080"]
2020-05-21 11:59:12.803 INFO [main]org.apache.catalina.core.StandardService.log:180 -Starting service [Tomcat]
2020-05-21 11:59:12.803 INFO [main]org.apache.catalina.core.StandardEngine.log:180 -Starting Servlet Engine: Apache Tomcat/8.5.34
2020-05-21 11:59:12.803 INFO [localhost-startStop-1]org.apache.catalina.core.AprLifecycleListener.log:180 -The APR based Apache Tomcat Native library which allows optimal performance in production environments was not found on the java.library.path: [D:\configure\jdk1.8\bin;C:\WINDOWS\Sun\Java\bin;C:\WINDOWS\system32;C:\WINDOWS;G:\oracle\product\10.2.0\db_1\bin;D:\configure\jdk1.8\bin;C:\Program Files (x86)\Common Files\Oracle\Java\javapath;C:\WINDOWS\system32;C:\WINDOWS;C:\WINDOWS\System32\Wbem;C:\WINDOWS\System32\WindowsPowerShell\v1.0\;C:\WINDOWS\System32\OpenSSH\;D:\Program Files\apache-maven-3.3.9\bin;%ZOOKEEPER_HOME%\bin;%ZOOKEEPER_HOME%\conf;C:\Program Files\dotnet\;C:\Program Files (x86)\dotnet\;D:\Program Files\gradle-5.2.1\bin;D:\Program Files\git\cmd;C:\Program Files\node-v8.9.3-win-x64;D:\Program Files\OCR\Tesseract-OCR;C:\Users\Sakura\AppData\Local\Microsoft\WindowsApps;C:\Users\Sakura\AppData\Roaming\npm;D:\Fidder\Fiddler;.]
2020-05-21 11:59:12.944 INFO [localhost-startStop-1]o.a.catalina.core.ContainerBase.[Tomcat].[localhost].[/].log:180 -Initializing Spring embedded WebApplicationContext
2020-05-21 11:59:12.944 INFO [localhost-startStop-1]org.springframework.web.context.ContextLoader.prepareWebApplicationContext:285 -Root WebApplicationContext: initialization completed in 3536 ms
2020-05-21 11:59:13.143 INFO [localhost-startStop-1]o.s.boot.web.servlet.ServletRegistrationBean.addRegistration:187 -Servlet dispatcherServlet mapped to [/]
2020-05-21 11:59:13.147 INFO [localhost-startStop-1]o.s.boot.web.servlet.FilterRegistrationBean.configure:245 -Mapping filter: 'characterEncodingFilter' to: [/*]
2020-05-21 11:59:13.147 INFO [localhost-startStop-1]o.s.boot.web.servlet.FilterRegistrationBean.configure:245 -Mapping filter: 'checkDeviceFilter' to: [/*]
2020-05-21 11:59:13.147 INFO [localhost-startStop-1]o.s.boot.web.servlet.FilterRegistrationBean.configure:245 -Mapping filter: 'CSRFFilter' to: [/*]
2020-05-21 11:59:13.147 INFO [localhost-startStop-1]o.s.boot.web.servlet.FilterRegistrationBean.configure:245 -Mapping filter: 'xssFilter' to: [/*]
2020-05-21 11:59:13.147 INFO [localhost-startStop-1]o.s.boot.web.servlet.FilterRegistrationBean.configure:245 -Mapping filter: 'shiroFilterFactoryBean' to: [/*]
2020-05-21 11:59:13.491 INFO [main]o.s.w.s.m.method.annotation.RequestMappingHandlerMapping.register:549 -Mapped "{[/authc/query]}" onto public java.lang.String com.example.demo.controller.shiro.authc.UserController.query()
2020-05-21 11:59:13.491 INFO [main]o.s.w.s.m.method.annotation.RequestMappingHandlerMapping.register:549 -Mapped "{[/authc/queryUser],methods=[POST]}" onto public com.example.demo.domain.Users com.example.demo.controller.shiro.authc.UserController.queryUser(javax.servlet.http.HttpServletRequest)
2020-05-21 11:59:13.491 INFO [main]o.s.w.s.m.method.annotation.RequestMappingHandlerMapping.register:549 -Mapped "{[/pub/need_login]}" onto public java.lang.String com.example.demo.controller.shiro.pub.PublicController.needLogin()
2020-05-21 11:59:13.491 INFO [main]o.s.w.s.m.method.annotation.RequestMappingHandlerMapping.register:549 -Mapped "{[/pub/not_permit]}" onto public java.lang.String com.example.demo.controller.shiro.pub.PublicController.notPermit()
2020-05-21 11:59:13.491 INFO [main]o.s.w.s.m.method.annotation.RequestMappingHandlerMapping.register:549 -Mapped "{[/pub/login],methods=[POST]}" onto public com.example.demo.util.JsonData com.example.demo.controller.shiro.pub.PublicController.login(com.example.demo.dto.QueryUser,javax.servlet.http.HttpServletRequest,javax.servlet.http.HttpServletResponse)
2020-05-21 11:59:13.491 INFO [main]o.s.w.s.m.method.annotation.RequestMappingHandlerMapping.register:549 -Mapped "{[/video/update]}" onto public java.lang.String com.example.demo.controller.shiro.role.EditorRoleController.query()
2020-05-21 11:59:13.491 INFO [main]o.s.w.s.m.method.annotation.RequestMappingHandlerMapping.register:549 -Mapped "{[/admin/query],methods=[POST]}" onto public java.lang.String com.example.demo.controller.shiro.root.AdminRoleController.query()
2020-05-21 11:59:13.491 INFO [main]o.s.w.s.m.method.annotation.RequestMappingHandlerMapping.register:549 -Mapped "{[/test/es],methods=[GET]}" onto public com.example.demo.util.JsonData com.example.demo.test.es.TestController.testEs() throws java.io.IOException
2020-05-21 11:59:13.507 INFO [main]o.s.w.s.m.method.annotation.RequestMappingHandlerMapping.register:549 -Mapped "{[/error]}" onto public org.springframework.http.ResponseEntity<java.util.Map<java.lang.String, java.lang.Object>> org.springframework.boot.autoconfigure.web.servlet.error.BasicErrorController.error(javax.servlet.http.HttpServletRequest)
2020-05-21 11:59:13.507 INFO [main]o.s.w.s.m.method.annotation.RequestMappingHandlerMapping.register:549 -Mapped "{[/error],produces=[text/html]}" onto public org.springframework.web.servlet.ModelAndView org.springframework.boot.autoconfigure.web.servlet.error.BasicErrorController.errorHtml(javax.servlet.http.HttpServletRequest,javax.servlet.http.HttpServletResponse)
2020-05-21 11:59:13.585 INFO [main]o.s.w.s.m.method.annotation.RequestMappingHandlerAdapter.initControllerAdviceCache:588 -Looking for @ControllerAdvice: org.springframework.boot.web.servlet.context.AnnotationConfigServletWebServerApplicationContext@33d512c1: startup date [Thu May 21 11:59:09 CST 2020]; root of context hierarchy
2020-05-21 11:59:13.616 INFO [main]o.s.w.s.m.m.annotation.ExceptionHandlerExceptionResolver.initExceptionHandlerAdviceCache:288 -Detected @ExceptionHandler methods in customExceptionHandler
2020-05-21 11:59:14.098 INFO [main]o.s.jmx.export.annotation.AnnotationMBeanExporter.afterSingletonsInstantiated:433 -Registering beans for JMX exposure on startup
2020-05-21 11:59:14.098 INFO [main]o.s.jmx.export.annotation.AnnotationMBeanExporter.autodetect:895 -Bean with name 'dataSource' has been autodetected for JMX exposure
2020-05-21 11:59:14.113 INFO [main]o.s.jmx.export.annotation.AnnotationMBeanExporter.registerBeanInstance:668 -Located MBean 'dataSource': registering with JMX server as MBean [com.zaxxer.hikari:name=dataSource,type=HikariDataSource]
2020-05-21 11:59:14.113 INFO [main]org.apache.coyote.http11.Http11NioProtocol.log:180 -Starting ProtocolHandler ["http-nio-8080"]
2020-05-21 11:59:14.129 INFO [main]org.apache.tomcat.util.net.NioSelectorPool.log:180 -Using a shared selector for servlet write/read
2020-05-21 11:59:14.144 INFO [main]o.s.boot.web.embedded.tomcat.TomcatWebServer.start:206 -Tomcat started on port(s): 8080 (http) with context path ''
2020-05-21 11:59:14.144 INFO [main]com.example.demo.DemoApplication.logStarted:59 -Started DemoApplication in 5.837 seconds (JVM running for 7.728)
