2020-05-26 14:13:32.508 INFO [main]com.example.demo.DemoApplication.logStarting:50 -Starting DemoApplication on DESKTOP-F8FBPPM with PID 110192 (F:\message\study\framework\shiro\xdclass\springBoot_shiro\target\classes started by Sakura in F:\message\study\framework\shiro\xdclass\springBoot_shiro)
2020-05-26 14:13:32.523 INFO [main]com.example.demo.DemoApplication.logStartupProfileInfo:680 -No active profile set, falling back to default profiles: default
2020-05-26 14:13:32.586 INFO [main]o.s.b.w.s.c.AnnotationConfigServletWebServerApplicationContext.prepareRefresh:590 -Refreshing org.springframework.boot.web.servlet.context.AnnotationConfigServletWebServerApplicationContext@6b2ea799: startup date [Tue May 26 14:13:32 CST 2020]; root of context hierarchy
2020-05-26 14:13:33.912 INFO [main]o.s.c.s.PostProcessorRegistrationDelegate$BeanPostProcessorChecker.postProcessAfterInitialization:326 -Bean 'shiroConfig' of type [com.example.demo.config.shiro.ShiroConfig$$EnhancerBySpringCGLIB$$91eba01f] is not eligible for getting processed by all BeanPostProcessors (for example: not eligible for auto-proxying)
2020-05-26 14:13:34.787 INFO [main]o.s.c.s.PostProcessorRegistrationDelegate$BeanPostProcessorChecker.postProcessAfterInitialization:326 -Bean 'org.springframework.boot.context.properties.ConversionServiceDeducer$Factory' of type [org.springframework.boot.context.properties.ConversionServiceDeducer$Factory] is not eligible for getting processed by all BeanPostProcessors (for example: not eligible for auto-proxying)
2020-05-26 14:13:34.880 INFO [main]o.s.c.s.PostProcessorRegistrationDelegate$BeanPostProcessorChecker.postProcessAfterInitialization:326 -Bean 'mybatis-org.mybatis.spring.boot.autoconfigure.MybatisProperties' of type [org.mybatis.spring.boot.autoconfigure.MybatisProperties] is not eligible for getting processed by all BeanPostProcessors (for example: not eligible for auto-proxying)
2020-05-26 14:13:34.880 INFO [main]o.s.c.s.PostProcessorRegistrationDelegate$BeanPostProcessorChecker.postProcessAfterInitialization:326 -Bean 'org.mybatis.spring.boot.autoconfigure.MybatisAutoConfiguration' of type [org.mybatis.spring.boot.autoconfigure.MybatisAutoConfiguration$$EnhancerBySpringCGLIB$$150bb7a6] is not eligible for getting processed by all BeanPostProcessors (for example: not eligible for auto-proxying)
2020-05-26 14:13:34.880 INFO [main]o.s.c.s.PostProcessorRegistrationDelegate$BeanPostProcessorChecker.postProcessAfterInitialization:326 -Bean 'org.springframework.boot.autoconfigure.jdbc.DataSourceConfiguration$Hikari' of type [org.springframework.boot.autoconfigure.jdbc.DataSourceConfiguration$Hikari] is not eligible for getting processed by all BeanPostProcessors (for example: not eligible for auto-proxying)
2020-05-26 14:13:34.896 INFO [main]o.s.c.s.PostProcessorRegistrationDelegate$BeanPostProcessorChecker.postProcessAfterInitialization:326 -Bean 'spring.datasource-org.springframework.boot.autoconfigure.jdbc.DataSourceProperties' of type [org.springframework.boot.autoconfigure.jdbc.DataSourceProperties] is not eligible for getting processed by all BeanPostProcessors (for example: not eligible for auto-proxying)
2020-05-26 14:13:34.896 WARN [main]o.s.b.w.s.c.AnnotationConfigServletWebServerApplicationContext.refresh:558 -Exception encountered during context initialization - cancelling refresh attempt: org.springframework.beans.factory.UnsatisfiedDependencyException: Error creating bean with name 'methodValidationPostProcessor' defined in class path resource [org/springframework/boot/autoconfigure/validation/ValidationAutoConfiguration.class]: Unsatisfied dependency expressed through method 'methodValidationPostProcessor' parameter 0; nested exception is org.springframework.beans.factory.BeanCreationException: Error creating bean with name 'shiroFilterFactoryBean' defined in class path resource [com/example/demo/config/shiro/ShiroConfig.class]: Bean instantiation via factory method failed; nested exception is org.springframework.beans.BeanInstantiationException: Failed to instantiate [org.apache.shiro.spring.web.ShiroFilterFactoryBean]: Factory method 'shiroFilterFactoryBean' threw exception; nested exception is org.springframework.beans.factory.BeanCreationException: Error creating bean with name 'securityManager' defined in class path resource [com/example/demo/config/shiro/ShiroConfig.class]: Bean instantiation via factory method failed; nested exception is org.springframework.beans.BeanInstantiationException: Failed to instantiate [org.apache.shiro.mgt.SecurityManager]: Factory method 'securityManager' threw exception; nested exception is org.springframework.beans.factory.UnsatisfiedDependencyException: Error creating bean with name 'customRealm': Unsatisfied dependency expressed through field 'userServiceImpl'; nested exception is org.springframework.beans.factory.UnsatisfiedDependencyException: Error creating bean with name 'userServiceImpl': Unsatisfied dependency expressed through field 'userMapper'; nested exception is org.springframework.beans.factory.UnsatisfiedDependencyException: Error creating bean with name 'userMapper' defined in file [F:\message\study\framework\shiro\xdclass\springBoot_shiro\target\classes\com\example\demo\dao\UserMapper.class]: Unsatisfied dependency expressed through bean property 'sqlSessionFactory'; nested exception is org.springframework.beans.factory.UnsatisfiedDependencyException: Error creating bean with name 'sqlSessionFactory' defined in class path resource [org/mybatis/spring/boot/autoconfigure/MybatisAutoConfiguration.class]: Unsatisfied dependency expressed through method 'sqlSessionFactory' parameter 0; nested exception is org.springframework.beans.factory.BeanCreationException: Error creating bean with name 'dataSource' defined in class path resource [org/springframework/boot/autoconfigure/jdbc/DataSourceConfiguration$Hikari.class]: Bean instantiation via factory method failed; nested exception is org.springframework.beans.BeanInstantiationException: Failed to instantiate [com.zaxxer.hikari.HikariDataSource]: Factory method 'dataSource' threw exception; nested exception is java.lang.IllegalStateException: Cannot load driver class: oracle.jdbc.driver.OracleDriver
2020-05-26 14:13:34.912 INFO [main]o.s.b.a.logging.ConditionEvaluationReportLoggingListener.logAutoConfigurationReport:101 -

Error starting ApplicationContext. To display the conditions report re-run your application with 'debug' enabled.
2020-05-26 14:14:49.306 INFO [main]com.example.demo.DemoApplication.logStarting:50 -Starting DemoApplication on DESKTOP-F8FBPPM with PID 70500 (F:\message\study\framework\shiro\xdclass\springBoot_shiro\target\classes started by Sakura in F:\message\study\framework\shiro\xdclass\springBoot_shiro)
2020-05-26 14:14:49.321 INFO [main]com.example.demo.DemoApplication.logStartupProfileInfo:680 -No active profile set, falling back to default profiles: default
2020-05-26 14:14:49.400 INFO [main]o.s.b.w.s.c.AnnotationConfigServletWebServerApplicationContext.prepareRefresh:590 -Refreshing org.springframework.boot.web.servlet.context.AnnotationConfigServletWebServerApplicationContext@4b79ac84: startup date [Tue May 26 14:14:49 CST 2020]; root of context hierarchy
2020-05-26 14:14:50.820 INFO [main]o.s.c.s.PostProcessorRegistrationDelegate$BeanPostProcessorChecker.postProcessAfterInitialization:326 -Bean 'shiroConfig' of type [com.example.demo.config.shiro.ShiroConfig$$EnhancerBySpringCGLIB$$997559a7] is not eligible for getting processed by all BeanPostProcessors (for example: not eligible for auto-proxying)
2020-05-26 14:14:52.357 INFO [main]o.s.c.s.PostProcessorRegistrationDelegate$BeanPostProcessorChecker.postProcessAfterInitialization:326 -Bean 'org.springframework.boot.context.properties.ConversionServiceDeducer$Factory' of type [org.springframework.boot.context.properties.ConversionServiceDeducer$Factory] is not eligible for getting processed by all BeanPostProcessors (for example: not eligible for auto-proxying)
2020-05-26 14:14:52.506 INFO [main]o.s.c.s.PostProcessorRegistrationDelegate$BeanPostProcessorChecker.postProcessAfterInitialization:326 -Bean 'mybatis-org.mybatis.spring.boot.autoconfigure.MybatisProperties' of type [org.mybatis.spring.boot.autoconfigure.MybatisProperties] is not eligible for getting processed by all BeanPostProcessors (for example: not eligible for auto-proxying)
2020-05-26 14:14:52.506 INFO [main]o.s.c.s.PostProcessorRegistrationDelegate$BeanPostProcessorChecker.postProcessAfterInitialization:326 -Bean 'org.mybatis.spring.boot.autoconfigure.MybatisAutoConfiguration' of type [org.mybatis.spring.boot.autoconfigure.MybatisAutoConfiguration$$EnhancerBySpringCGLIB$$1c95712e] is not eligible for getting processed by all BeanPostProcessors (for example: not eligible for auto-proxying)
2020-05-26 14:14:52.522 INFO [main]o.s.c.s.PostProcessorRegistrationDelegate$BeanPostProcessorChecker.postProcessAfterInitialization:326 -Bean 'org.springframework.boot.autoconfigure.jdbc.DataSourceConfiguration$Hikari' of type [org.springframework.boot.autoconfigure.jdbc.DataSourceConfiguration$Hikari] is not eligible for getting processed by all BeanPostProcessors (for example: not eligible for auto-proxying)
2020-05-26 14:14:52.537 INFO [main]o.s.c.s.PostProcessorRegistrationDelegate$BeanPostProcessorChecker.postProcessAfterInitialization:326 -Bean 'spring.datasource-org.springframework.boot.autoconfigure.jdbc.DataSourceProperties' of type [org.springframework.boot.autoconfigure.jdbc.DataSourceProperties] is not eligible for getting processed by all BeanPostProcessors (for example: not eligible for auto-proxying)
2020-05-26 14:14:52.647 INFO [main]o.s.c.s.PostProcessorRegistrationDelegate$BeanPostProcessorChecker.postProcessAfterInitialization:326 -Bean 'dataSource' of type [com.zaxxer.hikari.HikariDataSource] is not eligible for getting processed by all BeanPostProcessors (for example: not eligible for auto-proxying)
2020-05-26 14:14:52.678 INFO [main]o.s.c.s.PostProcessorRegistrationDelegate$BeanPostProcessorChecker.postProcessAfterInitialization:326 -Bean 'sqlSessionFactory' of type [org.apache.ibatis.session.defaults.DefaultSqlSessionFactory] is not eligible for getting processed by all BeanPostProcessors (for example: not eligible for auto-proxying)
2020-05-26 14:14:52.694 INFO [main]o.s.c.s.PostProcessorRegistrationDelegate$BeanPostProcessorChecker.postProcessAfterInitialization:326 -Bean 'sqlSessionTemplate' of type [org.mybatis.spring.SqlSessionTemplate] is not eligible for getting processed by all BeanPostProcessors (for example: not eligible for auto-proxying)
2020-05-26 14:14:52.756 INFO [main]o.s.c.s.PostProcessorRegistrationDelegate$BeanPostProcessorChecker.postProcessAfterInitialization:326 -Bean 'userMapper' of type [org.mybatis.spring.mapper.MapperFactoryBean] is not eligible for getting processed by all BeanPostProcessors (for example: not eligible for auto-proxying)
2020-05-26 14:14:52.756 INFO [main]o.s.c.s.PostProcessorRegistrationDelegate$BeanPostProcessorChecker.postProcessAfterInitialization:326 -Bean 'userMapper' of type [com.sun.proxy.$Proxy63] is not eligible for getting processed by all BeanPostProcessors (for example: not eligible for auto-proxying)
2020-05-26 14:14:52.756 INFO [main]o.s.c.s.PostProcessorRegistrationDelegate$BeanPostProcessorChecker.postProcessAfterInitialization:326 -Bean 'userServiceImpl' of type [com.example.demo.service.impl.UserServiceImpl] is not eligible for getting processed by all BeanPostProcessors (for example: not eligible for auto-proxying)
2020-05-26 14:14:52.756 INFO [main]o.s.c.s.PostProcessorRegistrationDelegate$BeanPostProcessorChecker.postProcessAfterInitialization:326 -Bean 'customRealm' of type [com.example.demo.config.shiro.realm.CustomRealm] is not eligible for getting processed by all BeanPostProcessors (for example: not eligible for auto-proxying)
2020-05-26 14:14:52.787 INFO [main]o.s.c.s.PostProcessorRegistrationDelegate$BeanPostProcessorChecker.postProcessAfterInitialization:326 -Bean 'getRedisManager' of type [org.crazycake.shiro.RedisManager] is not eligible for getting processed by all BeanPostProcessors (for example: not eligible for auto-proxying)
2020-05-26 14:14:52.787 INFO [main]o.s.c.s.PostProcessorRegistrationDelegate$BeanPostProcessorChecker.postProcessAfterInitialization:326 -Bean 'cacheManager' of type [org.crazycake.shiro.RedisCacheManager] is not eligible for getting processed by all BeanPostProcessors (for example: not eligible for auto-proxying)
2020-05-26 14:14:52.803 INFO [main]o.s.c.s.PostProcessorRegistrationDelegate$BeanPostProcessorChecker.postProcessAfterInitialization:326 -Bean 'customCreateSessionid' of type [com.example.demo.config.shiro.sessionid.CustomCreateSessionid] is not eligible for getting processed by all BeanPostProcessors (for example: not eligible for auto-proxying)
2020-05-26 14:14:52.819 INFO [main]o.s.c.s.PostProcessorRegistrationDelegate$BeanPostProcessorChecker.postProcessAfterInitialization:326 -Bean 'getRedisSessionDAO' of type [org.crazycake.shiro.RedisSessionDAO] is not eligible for getting processed by all BeanPostProcessors (for example: not eligible for auto-proxying)
2020-05-26 14:14:52.834 INFO [main]o.s.c.s.PostProcessorRegistrationDelegate$BeanPostProcessorChecker.postProcessAfterInitialization:326 -Bean 'sessionManager' of type [org.apache.shiro.web.session.mgt.DefaultWebSessionManager] is not eligible for getting processed by all BeanPostProcessors (for example: not eligible for auto-proxying)
2020-05-26 14:14:52.865 INFO [main]o.s.c.s.PostProcessorRegistrationDelegate$BeanPostProcessorChecker.postProcessAfterInitialization:326 -Bean 'securityManager' of type [org.apache.shiro.web.mgt.DefaultWebSecurityManager] is not eligible for getting processed by all BeanPostProcessors (for example: not eligible for auto-proxying)
2020-05-26 14:14:52.959 INFO [main]o.s.c.s.PostProcessorRegistrationDelegate$BeanPostProcessorChecker.postProcessAfterInitialization:326 -Bean 'org.springframework.transaction.annotation.ProxyTransactionManagementConfiguration' of type [org.springframework.transaction.annotation.ProxyTransactionManagementConfiguration$$EnhancerBySpringCGLIB$$e9c11ffe] is not eligible for getting processed by all BeanPostProcessors (for example: not eligible for auto-proxying)
2020-05-26 14:14:53.818 INFO [main]o.s.boot.web.embedded.tomcat.TomcatWebServer.initialize:91 -Tomcat initialized with port(s): 8080 (http)
2020-05-26 14:14:53.850 INFO [main]org.apache.coyote.http11.Http11NioProtocol.log:180 -Initializing ProtocolHandler ["http-nio-8080"]
2020-05-26 14:14:53.865 INFO [main]org.apache.catalina.core.StandardService.log:180 -Starting service [Tomcat]
2020-05-26 14:14:53.865 INFO [main]org.apache.catalina.core.StandardEngine.log:180 -Starting Servlet Engine: Apache Tomcat/8.5.34
2020-05-26 14:14:53.881 INFO [localhost-startStop-1]org.apache.catalina.core.AprLifecycleListener.log:180 -The APR based Apache Tomcat Native library which allows optimal performance in production environments was not found on the java.library.path: [D:\configure\jdk1.8\bin;C:\WINDOWS\Sun\Java\bin;C:\WINDOWS\system32;C:\WINDOWS;G:\oracle\product\10.2.0\db_1\bin;D:\configure\jdk1.8\bin;C:\Program Files (x86)\Common Files\Oracle\Java\javapath;C:\WINDOWS\system32;C:\WINDOWS;C:\WINDOWS\System32\Wbem;C:\WINDOWS\System32\WindowsPowerShell\v1.0\;C:\WINDOWS\System32\OpenSSH\;D:\Program Files\apache-maven-3.3.9\bin;%ZOOKEEPER_HOME%\bin;%ZOOKEEPER_HOME%\conf;C:\Program Files\dotnet\;C:\Program Files (x86)\dotnet\;D:\Program Files\gradle-5.2.1\bin;D:\Program Files\git\cmd;C:\Program Files\node-v8.9.3-win-x64;D:\Program Files\OCR\Tesseract-OCR;C:\Users\Sakura\AppData\Local\Microsoft\WindowsApps;C:\Users\Sakura\AppData\Roaming\npm;D:\Fidder\Fiddler;.]
2020-05-26 14:14:54.325 INFO [localhost-startStop-1]o.a.catalina.core.ContainerBase.[Tomcat].[localhost].[/].log:180 -Initializing Spring embedded WebApplicationContext
2020-05-26 14:14:54.325 INFO [localhost-startStop-1]org.springframework.web.context.ContextLoader.prepareWebApplicationContext:285 -Root WebApplicationContext: initialization completed in 4925 ms
2020-05-26 14:14:54.425 INFO [localhost-startStop-1]o.s.boot.web.servlet.ServletRegistrationBean.addRegistration:187 -Servlet dispatcherServlet mapped to [/]
2020-05-26 14:14:54.425 INFO [localhost-startStop-1]o.s.boot.web.servlet.FilterRegistrationBean.configure:245 -Mapping filter: 'characterEncodingFilter' to: [/*]
2020-05-26 14:14:54.425 INFO [localhost-startStop-1]o.s.boot.web.servlet.FilterRegistrationBean.configure:245 -Mapping filter: 'checkDeviceFilter' to: [/*]
2020-05-26 14:14:54.425 INFO [localhost-startStop-1]o.s.boot.web.servlet.FilterRegistrationBean.configure:245 -Mapping filter: 'CSRFFilter' to: [/*]
2020-05-26 14:14:54.425 INFO [localhost-startStop-1]o.s.boot.web.servlet.FilterRegistrationBean.configure:245 -Mapping filter: 'xssFilter' to: [/*]
2020-05-26 14:14:54.425 INFO [localhost-startStop-1]o.s.boot.web.servlet.FilterRegistrationBean.configure:245 -Mapping filter: 'shiroFilterFactoryBean' to: [/*]
2020-05-26 14:14:55.019 INFO [main]o.s.w.s.m.method.annotation.RequestMappingHandlerMapping.register:549 -Mapped "{[/authc/query]}" onto public java.lang.String com.example.demo.controller.shiro.authc.UserController.query()
2020-05-26 14:14:55.019 INFO [main]o.s.w.s.m.method.annotation.RequestMappingHandlerMapping.register:549 -Mapped "{[/authc/queryUser],methods=[POST]}" onto public com.example.demo.domain.Users com.example.demo.controller.shiro.authc.UserController.queryUser(javax.servlet.http.HttpServletRequest)
2020-05-26 14:14:55.019 INFO [main]o.s.w.s.m.method.annotation.RequestMappingHandlerMapping.register:549 -Mapped "{[/pub/need_login]}" onto public java.lang.String com.example.demo.controller.shiro.pub.PublicController.needLogin()
2020-05-26 14:14:55.019 INFO [main]o.s.w.s.m.method.annotation.RequestMappingHandlerMapping.register:549 -Mapped "{[/pub/not_permit]}" onto public java.lang.String com.example.demo.controller.shiro.pub.PublicController.notPermit()
2020-05-26 14:14:55.019 INFO [main]o.s.w.s.m.method.annotation.RequestMappingHandlerMapping.register:549 -Mapped "{[/pub/login],methods=[POST]}" onto public com.example.demo.util.JsonData com.example.demo.controller.shiro.pub.PublicController.login(com.example.demo.dto.QueryUser,javax.servlet.http.HttpServletRequest,javax.servlet.http.HttpServletResponse)
2020-05-26 14:14:55.035 INFO [main]o.s.w.s.m.method.annotation.RequestMappingHandlerMapping.register:549 -Mapped "{[/video/update]}" onto public java.lang.String com.example.demo.controller.shiro.role.EditorRoleController.query()
2020-05-26 14:14:55.035 INFO [main]o.s.w.s.m.method.annotation.RequestMappingHandlerMapping.register:549 -Mapped "{[/admin/query],methods=[POST]}" onto public java.lang.String com.example.demo.controller.shiro.root.AdminRoleController.query()
2020-05-26 14:14:55.035 INFO [main]o.s.w.s.m.method.annotation.RequestMappingHandlerMapping.register:549 -Mapped "{[/test/es],methods=[GET]}" onto public com.example.demo.util.JsonData com.example.demo.test.es.TestController.testEs() throws java.io.IOException
2020-05-26 14:14:55.035 INFO [main]o.s.w.s.m.method.annotation.RequestMappingHandlerMapping.register:549 -Mapped "{[/error]}" onto public org.springframework.http.ResponseEntity<java.util.Map<java.lang.String, java.lang.Object>> org.springframework.boot.autoconfigure.web.servlet.error.BasicErrorController.error(javax.servlet.http.HttpServletRequest)
2020-05-26 14:14:55.035 INFO [main]o.s.w.s.m.method.annotation.RequestMappingHandlerMapping.register:549 -Mapped "{[/error],produces=[text/html]}" onto public org.springframework.web.servlet.ModelAndView org.springframework.boot.autoconfigure.web.servlet.error.BasicErrorController.errorHtml(javax.servlet.http.HttpServletRequest,javax.servlet.http.HttpServletResponse)
2020-05-26 14:14:55.160 INFO [main]o.s.w.s.m.method.annotation.RequestMappingHandlerAdapter.initControllerAdviceCache:588 -Looking for @ControllerAdvice: org.springframework.boot.web.servlet.context.AnnotationConfigServletWebServerApplicationContext@4b79ac84: startup date [Tue May 26 14:14:49 CST 2020]; root of context hierarchy
2020-05-26 14:14:55.300 INFO [main]o.s.w.s.m.m.annotation.ExceptionHandlerExceptionResolver.initExceptionHandlerAdviceCache:288 -Detected @ExceptionHandler methods in customExceptionHandler
2020-05-26 14:14:56.175 INFO [main]o.s.jmx.export.annotation.AnnotationMBeanExporter.afterSingletonsInstantiated:433 -Registering beans for JMX exposure on startup
2020-05-26 14:14:56.191 INFO [main]o.s.jmx.export.annotation.AnnotationMBeanExporter.autodetect:895 -Bean with name 'dataSource' has been autodetected for JMX exposure
2020-05-26 14:14:56.191 INFO [main]o.s.jmx.export.annotation.AnnotationMBeanExporter.registerBeanInstance:668 -Located MBean 'dataSource': registering with JMX server as MBean [com.zaxxer.hikari:name=dataSource,type=HikariDataSource]
2020-05-26 14:14:56.222 INFO [main]org.apache.coyote.http11.Http11NioProtocol.log:180 -Starting ProtocolHandler ["http-nio-8080"]
2020-05-26 14:14:56.222 INFO [main]org.apache.tomcat.util.net.NioSelectorPool.log:180 -Using a shared selector for servlet write/read
2020-05-26 14:14:56.253 INFO [main]o.s.boot.web.embedded.tomcat.TomcatWebServer.start:206 -Tomcat started on port(s): 8080 (http) with context path ''
2020-05-26 14:14:56.253 INFO [main]com.example.demo.DemoApplication.logStarted:59 -Started DemoApplication in 7.884 seconds (JVM running for 14.145)
2020-05-26 14:20:20.944 INFO [main]com.example.demo.DemoApplication.logStarting:50 -Starting DemoApplication on DESKTOP-F8FBPPM with PID 125128 (F:\message\study\framework\shiro\xdclass\springBoot_shiro\target\classes started by Sakura in F:\message\study\framework\shiro\xdclass\springBoot_shiro)
2020-05-26 14:20:20.956 INFO [main]com.example.demo.DemoApplication.logStartupProfileInfo:680 -No active profile set, falling back to default profiles: default
2020-05-26 14:20:21.097 INFO [main]o.s.b.w.s.c.AnnotationConfigServletWebServerApplicationContext.prepareRefresh:590 -Refreshing org.springframework.boot.web.servlet.context.AnnotationConfigServletWebServerApplicationContext@74c79fa2: startup date [Tue May 26 14:20:21 CST 2020]; root of context hierarchy
2020-05-26 14:20:22.984 INFO [main]o.s.c.s.PostProcessorRegistrationDelegate$BeanPostProcessorChecker.postProcessAfterInitialization:326 -Bean 'shiroConfig' of type [com.example.demo.config.shiro.ShiroConfig$$EnhancerBySpringCGLIB$$754b3dec] is not eligible for getting processed by all BeanPostProcessors (for example: not eligible for auto-proxying)
2020-05-26 14:20:23.950 INFO [main]o.s.c.s.PostProcessorRegistrationDelegate$BeanPostProcessorChecker.postProcessAfterInitialization:326 -Bean 'org.springframework.boot.context.properties.ConversionServiceDeducer$Factory' of type [org.springframework.boot.context.properties.ConversionServiceDeducer$Factory] is not eligible for getting processed by all BeanPostProcessors (for example: not eligible for auto-proxying)
2020-05-26 14:20:24.064 INFO [main]o.s.c.s.PostProcessorRegistrationDelegate$BeanPostProcessorChecker.postProcessAfterInitialization:326 -Bean 'mybatis-org.mybatis.spring.boot.autoconfigure.MybatisProperties' of type [org.mybatis.spring.boot.autoconfigure.MybatisProperties] is not eligible for getting processed by all BeanPostProcessors (for example: not eligible for auto-proxying)
2020-05-26 14:20:24.075 INFO [main]o.s.c.s.PostProcessorRegistrationDelegate$BeanPostProcessorChecker.postProcessAfterInitialization:326 -Bean 'org.mybatis.spring.boot.autoconfigure.MybatisAutoConfiguration' of type [org.mybatis.spring.boot.autoconfigure.MybatisAutoConfiguration$$EnhancerBySpringCGLIB$$f86b5573] is not eligible for getting processed by all BeanPostProcessors (for example: not eligible for auto-proxying)
2020-05-26 14:20:24.079 INFO [main]o.s.c.s.PostProcessorRegistrationDelegate$BeanPostProcessorChecker.postProcessAfterInitialization:326 -Bean 'org.springframework.boot.autoconfigure.jdbc.DataSourceConfiguration$Hikari' of type [org.springframework.boot.autoconfigure.jdbc.DataSourceConfiguration$Hikari] is not eligible for getting processed by all BeanPostProcessors (for example: not eligible for auto-proxying)
2020-05-26 14:20:24.099 INFO [main]o.s.c.s.PostProcessorRegistrationDelegate$BeanPostProcessorChecker.postProcessAfterInitialization:326 -Bean 'spring.datasource-org.springframework.boot.autoconfigure.jdbc.DataSourceProperties' of type [org.springframework.boot.autoconfigure.jdbc.DataSourceProperties] is not eligible for getting processed by all BeanPostProcessors (for example: not eligible for auto-proxying)
2020-05-26 14:20:24.243 INFO [main]o.s.c.s.PostProcessorRegistrationDelegate$BeanPostProcessorChecker.postProcessAfterInitialization:326 -Bean 'dataSource' of type [com.zaxxer.hikari.HikariDataSource] is not eligible for getting processed by all BeanPostProcessors (for example: not eligible for auto-proxying)
2020-05-26 14:20:24.259 INFO [main]o.s.c.s.PostProcessorRegistrationDelegate$BeanPostProcessorChecker.postProcessAfterInitialization:326 -Bean 'sqlSessionFactory' of type [org.apache.ibatis.session.defaults.DefaultSqlSessionFactory] is not eligible for getting processed by all BeanPostProcessors (for example: not eligible for auto-proxying)
2020-05-26 14:20:24.271 INFO [main]o.s.c.s.PostProcessorRegistrationDelegate$BeanPostProcessorChecker.postProcessAfterInitialization:326 -Bean 'sqlSessionTemplate' of type [org.mybatis.spring.SqlSessionTemplate] is not eligible for getting processed by all BeanPostProcessors (for example: not eligible for auto-proxying)
2020-05-26 14:20:24.317 INFO [main]o.s.c.s.PostProcessorRegistrationDelegate$BeanPostProcessorChecker.postProcessAfterInitialization:326 -Bean 'userMapper' of type [org.mybatis.spring.mapper.MapperFactoryBean] is not eligible for getting processed by all BeanPostProcessors (for example: not eligible for auto-proxying)
2020-05-26 14:20:24.317 INFO [main]o.s.c.s.PostProcessorRegistrationDelegate$BeanPostProcessorChecker.postProcessAfterInitialization:326 -Bean 'userMapper' of type [com.sun.proxy.$Proxy63] is not eligible for getting processed by all BeanPostProcessors (for example: not eligible for auto-proxying)
2020-05-26 14:20:24.321 INFO [main]o.s.c.s.PostProcessorRegistrationDelegate$BeanPostProcessorChecker.postProcessAfterInitialization:326 -Bean 'userServiceImpl' of type [com.example.demo.service.impl.UserServiceImpl] is not eligible for getting processed by all BeanPostProcessors (for example: not eligible for auto-proxying)
2020-05-26 14:20:24.321 INFO [main]o.s.c.s.PostProcessorRegistrationDelegate$BeanPostProcessorChecker.postProcessAfterInitialization:326 -Bean 'customRealm' of type [com.example.demo.config.shiro.realm.CustomRealm] is not eligible for getting processed by all BeanPostProcessors (for example: not eligible for auto-proxying)
2020-05-26 14:20:24.344 INFO [main]o.s.c.s.PostProcessorRegistrationDelegate$BeanPostProcessorChecker.postProcessAfterInitialization:326 -Bean 'getRedisManager' of type [org.crazycake.shiro.RedisManager] is not eligible for getting processed by all BeanPostProcessors (for example: not eligible for auto-proxying)
2020-05-26 14:20:24.348 INFO [main]o.s.c.s.PostProcessorRegistrationDelegate$BeanPostProcessorChecker.postProcessAfterInitialization:326 -Bean 'cacheManager' of type [org.crazycake.shiro.RedisCacheManager] is not eligible for getting processed by all BeanPostProcessors (for example: not eligible for auto-proxying)
2020-05-26 14:20:24.356 INFO [main]o.s.c.s.PostProcessorRegistrationDelegate$BeanPostProcessorChecker.postProcessAfterInitialization:326 -Bean 'customCreateSessionid' of type [com.example.demo.config.shiro.sessionid.CustomCreateSessionid] is not eligible for getting processed by all BeanPostProcessors (for example: not eligible for auto-proxying)
2020-05-26 14:20:24.368 INFO [main]o.s.c.s.PostProcessorRegistrationDelegate$BeanPostProcessorChecker.postProcessAfterInitialization:326 -Bean 'getRedisSessionDAO' of type [org.crazycake.shiro.RedisSessionDAO] is not eligible for getting processed by all BeanPostProcessors (for example: not eligible for auto-proxying)
2020-05-26 14:20:24.390 INFO [main]o.s.c.s.PostProcessorRegistrationDelegate$BeanPostProcessorChecker.postProcessAfterInitialization:326 -Bean 'sessionManager' of type [org.apache.shiro.web.session.mgt.DefaultWebSessionManager] is not eligible for getting processed by all BeanPostProcessors (for example: not eligible for auto-proxying)
2020-05-26 14:20:24.405 INFO [main]o.s.c.s.PostProcessorRegistrationDelegate$BeanPostProcessorChecker.postProcessAfterInitialization:326 -Bean 'securityManager' of type [org.apache.shiro.web.mgt.DefaultWebSecurityManager] is not eligible for getting processed by all BeanPostProcessors (for example: not eligible for auto-proxying)
2020-05-26 14:20:24.495 INFO [main]o.s.c.s.PostProcessorRegistrationDelegate$BeanPostProcessorChecker.postProcessAfterInitialization:326 -Bean 'org.springframework.transaction.annotation.ProxyTransactionManagementConfiguration' of type [org.springframework.transaction.annotation.ProxyTransactionManagementConfiguration$$EnhancerBySpringCGLIB$$c5970443] is not eligible for getting processed by all BeanPostProcessors (for example: not eligible for auto-proxying)
2020-05-26 14:20:25.140 INFO [main]o.s.boot.web.embedded.tomcat.TomcatWebServer.initialize:91 -Tomcat initialized with port(s): 8080 (http)
2020-05-26 14:20:25.159 INFO [main]org.apache.coyote.http11.Http11NioProtocol.log:180 -Initializing ProtocolHandler ["http-nio-8080"]
2020-05-26 14:20:25.175 INFO [main]org.apache.catalina.core.StandardService.log:180 -Starting service [Tomcat]
2020-05-26 14:20:25.175 INFO [main]org.apache.catalina.core.StandardEngine.log:180 -Starting Servlet Engine: Apache Tomcat/8.5.34
2020-05-26 14:20:25.182 INFO [localhost-startStop-1]org.apache.catalina.core.AprLifecycleListener.log:180 -The APR based Apache Tomcat Native library which allows optimal performance in production environments was not found on the java.library.path: [D:\configure\jdk1.8\bin;C:\WINDOWS\Sun\Java\bin;C:\WINDOWS\system32;C:\WINDOWS;G:\oracle\product\10.2.0\db_1\bin;D:\configure\jdk1.8\bin;C:\Program Files (x86)\Common Files\Oracle\Java\javapath;C:\WINDOWS\system32;C:\WINDOWS;C:\WINDOWS\System32\Wbem;C:\WINDOWS\System32\WindowsPowerShell\v1.0\;C:\WINDOWS\System32\OpenSSH\;D:\Program Files\apache-maven-3.3.9\bin;%ZOOKEEPER_HOME%\bin;%ZOOKEEPER_HOME%\conf;C:\Program Files\dotnet\;C:\Program Files (x86)\dotnet\;D:\Program Files\gradle-5.2.1\bin;D:\Program Files\git\cmd;C:\Program Files\node-v8.9.3-win-x64;D:\Program Files\OCR\Tesseract-OCR;C:\Users\Sakura\AppData\Local\Microsoft\WindowsApps;C:\Users\Sakura\AppData\Roaming\npm;D:\Fidder\Fiddler;.]
2020-05-26 14:20:25.514 INFO [localhost-startStop-1]o.a.catalina.core.ContainerBase.[Tomcat].[localhost].[/].log:180 -Initializing Spring embedded WebApplicationContext
2020-05-26 14:20:25.514 INFO [localhost-startStop-1]org.springframework.web.context.ContextLoader.prepareWebApplicationContext:285 -Root WebApplicationContext: initialization completed in 4417 ms
2020-05-26 14:20:25.596 INFO [localhost-startStop-1]o.s.boot.web.servlet.ServletRegistrationBean.addRegistration:187 -Servlet dispatcherServlet mapped to [/]
2020-05-26 14:20:25.604 INFO [localhost-startStop-1]o.s.boot.web.servlet.FilterRegistrationBean.configure:245 -Mapping filter: 'characterEncodingFilter' to: [/*]
2020-05-26 14:20:25.604 INFO [localhost-startStop-1]o.s.boot.web.servlet.FilterRegistrationBean.configure:245 -Mapping filter: 'checkDeviceFilter' to: [/*]
2020-05-26 14:20:25.608 INFO [localhost-startStop-1]o.s.boot.web.servlet.FilterRegistrationBean.configure:245 -Mapping filter: 'CSRFFilter' to: [/*]
2020-05-26 14:20:25.608 INFO [localhost-startStop-1]o.s.boot.web.servlet.FilterRegistrationBean.configure:245 -Mapping filter: 'xssFilter' to: [/*]
2020-05-26 14:20:25.608 INFO [localhost-startStop-1]o.s.boot.web.servlet.FilterRegistrationBean.configure:245 -Mapping filter: 'shiroFilterFactoryBean' to: [/*]
2020-05-26 14:20:26.096 INFO [main]o.s.w.s.m.method.annotation.RequestMappingHandlerMapping.register:549 -Mapped "{[/authc/query]}" onto public java.lang.String com.example.demo.controller.shiro.authc.UserController.query()
2020-05-26 14:20:26.100 INFO [main]o.s.w.s.m.method.annotation.RequestMappingHandlerMapping.register:549 -Mapped "{[/authc/queryUser],methods=[POST]}" onto public com.example.demo.domain.Users com.example.demo.controller.shiro.authc.UserController.queryUser(javax.servlet.http.HttpServletRequest)
2020-05-26 14:20:26.104 INFO [main]o.s.w.s.m.method.annotation.RequestMappingHandlerMapping.register:549 -Mapped "{[/pub/not_permit]}" onto public java.lang.String com.example.demo.controller.shiro.pub.PublicController.notPermit()
2020-05-26 14:20:26.104 INFO [main]o.s.w.s.m.method.annotation.RequestMappingHandlerMapping.register:549 -Mapped "{[/pub/need_login]}" onto public java.lang.String com.example.demo.controller.shiro.pub.PublicController.needLogin()
2020-05-26 14:20:26.104 INFO [main]o.s.w.s.m.method.annotation.RequestMappingHandlerMapping.register:549 -Mapped "{[/pub/login],methods=[POST]}" onto public com.example.demo.util.JsonData com.example.demo.controller.shiro.pub.PublicController.login(com.example.demo.dto.QueryUser,javax.servlet.http.HttpServletRequest,javax.servlet.http.HttpServletResponse)
2020-05-26 14:20:26.104 INFO [main]o.s.w.s.m.method.annotation.RequestMappingHandlerMapping.register:549 -Mapped "{[/video/update]}" onto public java.lang.String com.example.demo.controller.shiro.role.EditorRoleController.query()
2020-05-26 14:20:26.104 INFO [main]o.s.w.s.m.method.annotation.RequestMappingHandlerMapping.register:549 -Mapped "{[/admin/query],methods=[POST]}" onto public java.lang.String com.example.demo.controller.shiro.root.AdminRoleController.query()
2020-05-26 14:20:26.108 INFO [main]o.s.w.s.m.method.annotation.RequestMappingHandlerMapping.register:549 -Mapped "{[/test/es],methods=[GET]}" onto public com.example.demo.util.JsonData com.example.demo.test.es.TestController.testEs() throws java.io.IOException
2020-05-26 14:20:26.116 INFO [main]o.s.w.s.m.method.annotation.RequestMappingHandlerMapping.register:549 -Mapped "{[/error]}" onto public org.springframework.http.ResponseEntity<java.util.Map<java.lang.String, java.lang.Object>> org.springframework.boot.autoconfigure.web.servlet.error.BasicErrorController.error(javax.servlet.http.HttpServletRequest)
2020-05-26 14:20:26.116 INFO [main]o.s.w.s.m.method.annotation.RequestMappingHandlerMapping.register:549 -Mapped "{[/error],produces=[text/html]}" onto public org.springframework.web.servlet.ModelAndView org.springframework.boot.autoconfigure.web.servlet.error.BasicErrorController.errorHtml(javax.servlet.http.HttpServletRequest,javax.servlet.http.HttpServletResponse)
2020-05-26 14:20:26.237 INFO [main]o.s.w.s.m.method.annotation.RequestMappingHandlerAdapter.initControllerAdviceCache:588 -Looking for @ControllerAdvice: org.springframework.boot.web.servlet.context.AnnotationConfigServletWebServerApplicationContext@74c79fa2: startup date [Tue May 26 14:20:21 CST 2020]; root of context hierarchy
2020-05-26 14:20:26.323 INFO [main]o.s.w.s.m.m.annotation.ExceptionHandlerExceptionResolver.initExceptionHandlerAdviceCache:288 -Detected @ExceptionHandler methods in customExceptionHandler
2020-05-26 14:20:27.014 INFO [main]o.s.jmx.export.annotation.AnnotationMBeanExporter.afterSingletonsInstantiated:433 -Registering beans for JMX exposure on startup
2020-05-26 14:20:27.018 INFO [main]o.s.jmx.export.annotation.AnnotationMBeanExporter.autodetect:895 -Bean with name 'dataSource' has been autodetected for JMX exposure
2020-05-26 14:20:27.025 INFO [main]o.s.jmx.export.annotation.AnnotationMBeanExporter.registerBeanInstance:668 -Located MBean 'dataSource': registering with JMX server as MBean [com.zaxxer.hikari:name=dataSource,type=HikariDataSource]
2020-05-26 14:20:27.041 INFO [main]org.apache.coyote.http11.Http11NioProtocol.log:180 -Starting ProtocolHandler ["http-nio-8080"]
2020-05-26 14:20:27.041 INFO [main]org.apache.tomcat.util.net.NioSelectorPool.log:180 -Using a shared selector for servlet write/read
2020-05-26 14:20:27.068 INFO [main]o.s.boot.web.embedded.tomcat.TomcatWebServer.start:206 -Tomcat started on port(s): 8080 (http) with context path ''
2020-05-26 14:20:27.076 INFO [main]com.example.demo.DemoApplication.logStarted:59 -Started DemoApplication in 7.291 seconds (JVM running for 10.044)
2020-05-26 14:20:57.058 INFO [http-nio-8080-exec-1]o.a.catalina.core.ContainerBase.[Tomcat].[localhost].[/].log:180 -Initializing Spring FrameworkServlet 'dispatcherServlet'
2020-05-26 14:20:57.058 INFO [http-nio-8080-exec-1]org.springframework.web.servlet.DispatcherServlet.initServletBean:494 -FrameworkServlet 'dispatcherServlet': initialization started
2020-05-26 14:20:57.109 INFO [http-nio-8080-exec-1]org.springframework.web.servlet.DispatcherServlet.initServletBean:509 -FrameworkServlet 'dispatcherServlet': initialization completed in 51 ms
2020-05-26 14:20:57.135 INFO [http-nio-8080-exec-1]com.example.demo.config.filter.CheckDeviceFilter.doFilter:35 -Safari
2020-05-26 14:20:57.135 INFO [http-nio-8080-exec-1]com.example.demo.config.filter.CheckDeviceFilter.doFilter:35 -Chrome
2020-05-26 14:20:57.135 INFO [http-nio-8080-exec-1]com.example.demo.config.filter.CheckDeviceFilter.doFilter:40 -当前访问的UA字符串为:Mozilla/5.0 (Windows NT 10.0; Win64; x64) AppleWebKit/537.36 (KHTML, like Gecko) Chrome/66.0.3359.139 Safari/537.36
2020-05-26 14:20:57.136 INFO [http-nio-8080-exec-1]com.example.demo.config.filter.CheckDeviceFilter.doFilter:41 -当前请求的路径为:/
2020-05-26 14:20:57.136 INFO [http-nio-8080-exec-1]com.example.demo.config.filter.CheckDeviceFilter.doFilter:45 -当前用手机或电脑访问
2020-05-26 14:20:57.152 INFO [http-nio-8080-exec-1]o.a.shiro.session.mgt.AbstractValidatingSessionManager.enableSessionValidation:233 -Enabling session validation scheduler...
2020-05-26 14:20:57.265 INFO [http-nio-8080-exec-2]com.example.demo.config.filter.CheckDeviceFilter.doFilter:35 -Safari
2020-05-26 14:20:57.265 INFO [http-nio-8080-exec-2]com.example.demo.config.filter.CheckDeviceFilter.doFilter:35 -Chrome
2020-05-26 14:20:57.265 INFO [http-nio-8080-exec-2]com.example.demo.config.filter.CheckDeviceFilter.doFilter:40 -当前访问的UA字符串为:Mozilla/5.0 (Windows NT 10.0; Win64; x64) AppleWebKit/537.36 (KHTML, like Gecko) Chrome/66.0.3359.139 Safari/537.36
2020-05-26 14:20:57.266 INFO [http-nio-8080-exec-2]com.example.demo.config.filter.CheckDeviceFilter.doFilter:41 -当前请求的路径为:/pub/need_login;JSESSIONID=lizhiyu:005dfa9a01d2447e8da09de4eca5edd6
2020-05-26 14:20:57.266 INFO [http-nio-8080-exec-2]com.example.demo.config.filter.CheckDeviceFilter.doFilter:45 -当前用手机或电脑访问
2020-05-26 14:21:09.827 INFO [http-nio-8080-exec-5]com.example.demo.config.filter.CheckDeviceFilter.doFilter:35 -Safari
2020-05-26 14:21:09.828 INFO [http-nio-8080-exec-5]com.example.demo.config.filter.CheckDeviceFilter.doFilter:35 -Chrome
2020-05-26 14:21:09.829 INFO [http-nio-8080-exec-5]com.example.demo.config.filter.CheckDeviceFilter.doFilter:40 -当前访问的UA字符串为:Mozilla/5.0 (Windows NT 10.0; Win64; x64) AppleWebKit/537.36 (KHTML, like Gecko) Chrome/66.0.3359.139 Safari/537.36
2020-05-26 14:21:09.830 INFO [http-nio-8080-exec-5]com.example.demo.config.filter.CheckDeviceFilter.doFilter:41 -当前请求的路径为:/pub/need_login;JSESSIONID=lizhiyu:005dfa9a01d2447e8da09de4eca5edd6
2020-05-26 14:21:09.830 INFO [http-nio-8080-exec-5]com.example.demo.config.filter.CheckDeviceFilter.doFilter:45 -当前用手机或电脑访问
2020-05-26 14:21:12.101 INFO [http-nio-8080-exec-7]com.example.demo.config.filter.CheckDeviceFilter.doFilter:35 -Safari
2020-05-26 14:21:12.104 INFO [http-nio-8080-exec-7]com.example.demo.config.filter.CheckDeviceFilter.doFilter:35 -Chrome
2020-05-26 14:21:12.104 INFO [http-nio-8080-exec-7]com.example.demo.config.filter.CheckDeviceFilter.doFilter:40 -当前访问的UA字符串为:Mozilla/5.0 (Windows NT 10.0; Win64; x64) AppleWebKit/537.36 (KHTML, like Gecko) Chrome/66.0.3359.139 Safari/537.36
2020-05-26 14:21:12.105 INFO [http-nio-8080-exec-7]com.example.demo.config.filter.CheckDeviceFilter.doFilter:41 -当前请求的路径为:/pub/need_login;JSESSIONID=lizhiyu:005dfa9a01d2447e8da09de4eca5edd6
2020-05-26 14:21:12.106 INFO [http-nio-8080-exec-7]com.example.demo.config.filter.CheckDeviceFilter.doFilter:45 -当前用手机或电脑访问
2020-05-26 14:21:16.101 INFO [http-nio-8080-exec-8]com.example.demo.config.filter.CheckDeviceFilter.doFilter:35 -Safari
2020-05-26 14:21:16.101 INFO [http-nio-8080-exec-8]com.example.demo.config.filter.CheckDeviceFilter.doFilter:35 -Chrome
2020-05-26 14:21:16.101 INFO [http-nio-8080-exec-8]com.example.demo.config.filter.CheckDeviceFilter.doFilter:40 -当前访问的UA字符串为:Mozilla/5.0 (Windows NT 10.0; Win64; x64) AppleWebKit/537.36 (KHTML, like Gecko) Chrome/66.0.3359.139 Safari/537.36
2020-05-26 14:21:16.102 INFO [http-nio-8080-exec-8]com.example.demo.config.filter.CheckDeviceFilter.doFilter:41 -当前请求的路径为:/
2020-05-26 14:21:16.104 INFO [http-nio-8080-exec-8]com.example.demo.config.filter.CheckDeviceFilter.doFilter:45 -当前用手机或电脑访问
2020-05-26 14:21:16.116 INFO [http-nio-8080-exec-9]com.example.demo.config.filter.CheckDeviceFilter.doFilter:35 -Safari
2020-05-26 14:21:16.117 INFO [http-nio-8080-exec-9]com.example.demo.config.filter.CheckDeviceFilter.doFilter:35 -Chrome
2020-05-26 14:21:16.118 INFO [http-nio-8080-exec-9]com.example.demo.config.filter.CheckDeviceFilter.doFilter:40 -当前访问的UA字符串为:Mozilla/5.0 (Windows NT 10.0; Win64; x64) AppleWebKit/537.36 (KHTML, like Gecko) Chrome/66.0.3359.139 Safari/537.36
2020-05-26 14:21:16.119 INFO [http-nio-8080-exec-9]com.example.demo.config.filter.CheckDeviceFilter.doFilter:41 -当前请求的路径为:/pub/need_login
2020-05-26 14:21:16.119 INFO [http-nio-8080-exec-9]com.example.demo.config.filter.CheckDeviceFilter.doFilter:45 -当前用手机或电脑访问
2020-05-26 14:21:18.605 INFO [http-nio-8080-exec-10]com.example.demo.config.filter.CheckDeviceFilter.doFilter:35 -Safari
2020-05-26 14:21:18.606 INFO [http-nio-8080-exec-10]com.example.demo.config.filter.CheckDeviceFilter.doFilter:35 -Chrome
2020-05-26 14:21:18.607 INFO [http-nio-8080-exec-10]com.example.demo.config.filter.CheckDeviceFilter.doFilter:40 -当前访问的UA字符串为:Mozilla/5.0 (Windows NT 10.0; Win64; x64) AppleWebKit/537.36 (KHTML, like Gecko) Chrome/66.0.3359.139 Safari/537.36
2020-05-26 14:21:18.608 INFO [http-nio-8080-exec-10]com.example.demo.config.filter.CheckDeviceFilter.doFilter:41 -当前请求的路径为:/pub/need_login
2020-05-26 14:21:18.608 INFO [http-nio-8080-exec-10]com.example.demo.config.filter.CheckDeviceFilter.doFilter:45 -当前用手机或电脑访问
2020-05-26 14:21:20.139 INFO [http-nio-8080-exec-4]com.example.demo.config.filter.CheckDeviceFilter.doFilter:35 -Safari
2020-05-26 14:21:20.139 INFO [http-nio-8080-exec-4]com.example.demo.config.filter.CheckDeviceFilter.doFilter:35 -Chrome
2020-05-26 14:21:20.140 INFO [http-nio-8080-exec-4]com.example.demo.config.filter.CheckDeviceFilter.doFilter:40 -当前访问的UA字符串为:Mozilla/5.0 (Windows NT 10.0; Win64; x64) AppleWebKit/537.36 (KHTML, like Gecko) Chrome/66.0.3359.139 Safari/537.36
2020-05-26 14:21:20.141 INFO [http-nio-8080-exec-4]com.example.demo.config.filter.CheckDeviceFilter.doFilter:41 -当前请求的路径为:/pub/need_login
2020-05-26 14:21:20.141 INFO [http-nio-8080-exec-4]com.example.demo.config.filter.CheckDeviceFilter.doFilter:45 -当前用手机或电脑访问
