2020-05-19 09:45:10.081 INFO [main]com.example.demo.DemoApplication.logStarting:50 -Starting DemoApplication on DESKTOP-F8FBPPM with PID 97192 (started by Sakura in F:\文档\study\shiro\xdclass\springBoot_shiro)
2020-05-19 09:45:10.123 INFO [main]com.example.demo.DemoApplication.logStartupProfileInfo:680 -No active profile set, falling back to default profiles: default
2020-05-19 09:45:12.279 INFO [main]o.s.b.w.s.c.AnnotationConfigServletWebServerApplicationContext.prepareRefresh:590 -Refreshing org.springframework.boot.web.servlet.context.AnnotationConfigServletWebServerApplicationContext@5ef6ae06: startup date [Tue May 19 09:45:12 CST 2020]; root of context hierarchy
2020-05-19 09:45:27.055 INFO [main]o.s.c.s.PostProcessorRegistrationDelegate$BeanPostProcessorChecker.postProcessAfterInitialization:326 -Bean 'shiroConfig' of type [com.example.demo.config.shiro.ShiroConfig$$EnhancerBySpringCGLIB$$cc127360] is not eligible for getting processed by all BeanPostProcessors (for example: not eligible for auto-proxying)
2020-05-19 09:45:28.123 INFO [main]o.s.c.s.PostProcessorRegistrationDelegate$BeanPostProcessorChecker.postProcessAfterInitialization:326 -Bean 'org.springframework.boot.context.properties.ConversionServiceDeducer$Factory' of type [org.springframework.boot.context.properties.ConversionServiceDeducer$Factory] is not eligible for getting processed by all BeanPostProcessors (for example: not eligible for auto-proxying)
2020-05-19 09:45:32.117 INFO [main]o.s.c.s.PostProcessorRegistrationDelegate$BeanPostProcessorChecker.postProcessAfterInitialization:326 -Bean 'mybatis-org.mybatis.spring.boot.autoconfigure.MybatisProperties' of type [org.mybatis.spring.boot.autoconfigure.MybatisProperties] is not eligible for getting processed by all BeanPostProcessors (for example: not eligible for auto-proxying)
2020-05-19 09:45:32.130 INFO [main]o.s.c.s.PostProcessorRegistrationDelegate$BeanPostProcessorChecker.postProcessAfterInitialization:326 -Bean 'org.mybatis.spring.boot.autoconfigure.MybatisAutoConfiguration' of type [org.mybatis.spring.boot.autoconfigure.MybatisAutoConfiguration$$EnhancerBySpringCGLIB$$4f328ae7] is not eligible for getting processed by all BeanPostProcessors (for example: not eligible for auto-proxying)
2020-05-19 09:45:32.137 INFO [main]o.s.c.s.PostProcessorRegistrationDelegate$BeanPostProcessorChecker.postProcessAfterInitialization:326 -Bean 'org.springframework.boot.autoconfigure.jdbc.DataSourceConfiguration$Hikari' of type [org.springframework.boot.autoconfigure.jdbc.DataSourceConfiguration$Hikari] is not eligible for getting processed by all BeanPostProcessors (for example: not eligible for auto-proxying)
2020-05-19 09:45:32.154 INFO [main]o.s.c.s.PostProcessorRegistrationDelegate$BeanPostProcessorChecker.postProcessAfterInitialization:326 -Bean 'spring.datasource-org.springframework.boot.autoconfigure.jdbc.DataSourceProperties' of type [org.springframework.boot.autoconfigure.jdbc.DataSourceProperties] is not eligible for getting processed by all BeanPostProcessors (for example: not eligible for auto-proxying)
2020-05-19 09:45:32.348 INFO [main]o.s.c.s.PostProcessorRegistrationDelegate$BeanPostProcessorChecker.postProcessAfterInitialization:326 -Bean 'dataSource' of type [com.zaxxer.hikari.HikariDataSource] is not eligible for getting processed by all BeanPostProcessors (for example: not eligible for auto-proxying)
2020-05-19 09:45:32.398 INFO [main]o.s.c.s.PostProcessorRegistrationDelegate$BeanPostProcessorChecker.postProcessAfterInitialization:326 -Bean 'sqlSessionFactory' of type [org.apache.ibatis.session.defaults.DefaultSqlSessionFactory] is not eligible for getting processed by all BeanPostProcessors (for example: not eligible for auto-proxying)
2020-05-19 09:45:32.414 INFO [main]o.s.c.s.PostProcessorRegistrationDelegate$BeanPostProcessorChecker.postProcessAfterInitialization:326 -Bean 'sqlSessionTemplate' of type [org.mybatis.spring.SqlSessionTemplate] is not eligible for getting processed by all BeanPostProcessors (for example: not eligible for auto-proxying)
2020-05-19 09:45:32.477 INFO [main]o.s.c.s.PostProcessorRegistrationDelegate$BeanPostProcessorChecker.postProcessAfterInitialization:326 -Bean 'userMapper' of type [org.mybatis.spring.mapper.MapperFactoryBean] is not eligible for getting processed by all BeanPostProcessors (for example: not eligible for auto-proxying)
2020-05-19 09:45:32.484 INFO [main]o.s.c.s.PostProcessorRegistrationDelegate$BeanPostProcessorChecker.postProcessAfterInitialization:326 -Bean 'userMapper' of type [com.sun.proxy.$Proxy63] is not eligible for getting processed by all BeanPostProcessors (for example: not eligible for auto-proxying)
2020-05-19 09:45:32.486 INFO [main]o.s.c.s.PostProcessorRegistrationDelegate$BeanPostProcessorChecker.postProcessAfterInitialization:326 -Bean 'userServiceImpl' of type [com.example.demo.service.impl.UserServiceImpl] is not eligible for getting processed by all BeanPostProcessors (for example: not eligible for auto-proxying)
2020-05-19 09:45:32.487 INFO [main]o.s.c.s.PostProcessorRegistrationDelegate$BeanPostProcessorChecker.postProcessAfterInitialization:326 -Bean 'customRealm' of type [com.example.demo.config.shiro.realm.CustomRealm] is not eligible for getting processed by all BeanPostProcessors (for example: not eligible for auto-proxying)
2020-05-19 09:45:32.619 INFO [main]o.s.c.s.PostProcessorRegistrationDelegate$BeanPostProcessorChecker.postProcessAfterInitialization:326 -Bean 'getRedisManager' of type [org.crazycake.shiro.RedisManager] is not eligible for getting processed by all BeanPostProcessors (for example: not eligible for auto-proxying)
2020-05-19 09:45:32.625 INFO [main]o.s.c.s.PostProcessorRegistrationDelegate$BeanPostProcessorChecker.postProcessAfterInitialization:326 -Bean 'cacheManager' of type [org.crazycake.shiro.RedisCacheManager] is not eligible for getting processed by all BeanPostProcessors (for example: not eligible for auto-proxying)
2020-05-19 09:45:32.656 INFO [main]o.s.c.s.PostProcessorRegistrationDelegate$BeanPostProcessorChecker.postProcessAfterInitialization:326 -Bean 'customCreateSessionid' of type [com.example.demo.config.shiro.sessionid.CustomCreateSessionid] is not eligible for getting processed by all BeanPostProcessors (for example: not eligible for auto-proxying)
2020-05-19 09:45:32.665 INFO [main]o.s.c.s.PostProcessorRegistrationDelegate$BeanPostProcessorChecker.postProcessAfterInitialization:326 -Bean 'getRedisSessionDAO' of type [org.crazycake.shiro.RedisSessionDAO] is not eligible for getting processed by all BeanPostProcessors (for example: not eligible for auto-proxying)
2020-05-19 09:45:32.692 INFO [main]o.s.c.s.PostProcessorRegistrationDelegate$BeanPostProcessorChecker.postProcessAfterInitialization:326 -Bean 'sessionManager' of type [org.apache.shiro.web.session.mgt.DefaultWebSessionManager] is not eligible for getting processed by all BeanPostProcessors (for example: not eligible for auto-proxying)
2020-05-19 09:45:32.714 INFO [main]o.s.c.s.PostProcessorRegistrationDelegate$BeanPostProcessorChecker.postProcessAfterInitialization:326 -Bean 'securityManager' of type [org.apache.shiro.web.mgt.DefaultWebSecurityManager] is not eligible for getting processed by all BeanPostProcessors (for example: not eligible for auto-proxying)
2020-05-19 09:45:38.657 INFO [main]o.s.c.s.PostProcessorRegistrationDelegate$BeanPostProcessorChecker.postProcessAfterInitialization:326 -Bean 'org.springframework.transaction.annotation.ProxyTransactionManagementConfiguration' of type [org.springframework.transaction.annotation.ProxyTransactionManagementConfiguration$$EnhancerBySpringCGLIB$$1c5e39b7] is not eligible for getting processed by all BeanPostProcessors (for example: not eligible for auto-proxying)
2020-05-19 09:45:39.475 INFO [main]o.s.boot.web.embedded.tomcat.TomcatWebServer.initialize:91 -Tomcat initialized with port(s): 8080 (http)
2020-05-19 09:45:39.668 INFO [main]org.apache.coyote.http11.Http11NioProtocol.log:180 -Initializing ProtocolHandler ["http-nio-8080"]
2020-05-19 09:45:39.685 INFO [main]org.apache.catalina.core.StandardService.log:180 -Starting service [Tomcat]
2020-05-19 09:45:39.686 INFO [main]org.apache.catalina.core.StandardEngine.log:180 -Starting Servlet Engine: Apache Tomcat/8.5.34
2020-05-19 09:45:39.693 INFO [localhost-startStop-1]org.apache.catalina.core.AprLifecycleListener.log:180 -The APR based Apache Tomcat Native library which allows optimal performance in production environments was not found on the java.library.path: [D:\configure\jdk1.8\bin;C:\WINDOWS\Sun\Java\bin;C:\WINDOWS\system32;C:\WINDOWS;G:\oracle\product\10.2.0\db_1\bin;D:\configure\jdk1.8\bin;C:\Program Files (x86)\Common Files\Oracle\Java\javapath;C:\WINDOWS\system32;C:\WINDOWS;C:\WINDOWS\System32\Wbem;C:\WINDOWS\System32\WindowsPowerShell\v1.0\;C:\WINDOWS\System32\OpenSSH\;D:\Program Files\apache-maven-3.3.9\bin;%ZOOKEEPER_HOME%\bin;%ZOOKEEPER_HOME%\conf;C:\Program Files\dotnet\;C:\Program Files (x86)\dotnet\;D:\Program Files\gradle-5.2.1\bin;D:\Program Files\git\cmd;C:\Program Files\node-v8.9.3-win-x64;D:\Program Files\OCR\Tesseract-OCR;C:\Users\Sakura\AppData\Local\Microsoft\WindowsApps;C:\Users\Sakura\AppData\Roaming\npm;D:\Fidder\Fiddler;.]
2020-05-19 09:45:39.868 INFO [localhost-startStop-1]o.a.catalina.core.ContainerBase.[Tomcat].[localhost].[/].log:180 -Initializing Spring embedded WebApplicationContext
2020-05-19 09:45:39.868 INFO [localhost-startStop-1]org.springframework.web.context.ContextLoader.prepareWebApplicationContext:285 -Root WebApplicationContext: initialization completed in 27590 ms
2020-05-19 09:45:39.973 INFO [localhost-startStop-1]o.s.boot.web.servlet.ServletRegistrationBean.addRegistration:187 -Servlet dispatcherServlet mapped to [/]
2020-05-19 09:45:39.980 INFO [localhost-startStop-1]o.s.boot.web.servlet.FilterRegistrationBean.configure:245 -Mapping filter: 'characterEncodingFilter' to: [/*]
2020-05-19 09:45:39.981 INFO [localhost-startStop-1]o.s.boot.web.servlet.FilterRegistrationBean.configure:245 -Mapping filter: 'checkDeviceFilter' to: [/*]
2020-05-19 09:45:39.981 INFO [localhost-startStop-1]o.s.boot.web.servlet.FilterRegistrationBean.configure:245 -Mapping filter: 'CSRFFilter' to: [/*]
2020-05-19 09:45:39.982 INFO [localhost-startStop-1]o.s.boot.web.servlet.FilterRegistrationBean.configure:245 -Mapping filter: 'xssFilter' to: [/*]
2020-05-19 09:45:39.982 INFO [localhost-startStop-1]o.s.boot.web.servlet.FilterRegistrationBean.configure:245 -Mapping filter: 'shiroFilterFactoryBean' to: [/*]
2020-05-19 09:45:41.313 INFO [main]o.s.w.s.m.method.annotation.RequestMappingHandlerMapping.register:549 -Mapped "{[/authc/query]}" onto public java.lang.String com.example.demo.controller.shiro.authc.UserController.query()
2020-05-19 09:45:41.317 INFO [main]o.s.w.s.m.method.annotation.RequestMappingHandlerMapping.register:549 -Mapped "{[/authc/queryUser],methods=[POST]}" onto public com.example.demo.domain.Users com.example.demo.controller.shiro.authc.UserController.queryUser(javax.servlet.http.HttpServletRequest)
2020-05-19 09:45:41.318 INFO [main]o.s.w.s.m.method.annotation.RequestMappingHandlerMapping.register:549 -Mapped "{[/pub/need_login]}" onto public java.lang.String com.example.demo.controller.shiro.pub.PublicController.needLogin()
2020-05-19 09:45:41.318 INFO [main]o.s.w.s.m.method.annotation.RequestMappingHandlerMapping.register:549 -Mapped "{[/pub/not_permit]}" onto public java.lang.String com.example.demo.controller.shiro.pub.PublicController.notPermit()
2020-05-19 09:45:41.319 INFO [main]o.s.w.s.m.method.annotation.RequestMappingHandlerMapping.register:549 -Mapped "{[/pub/login],methods=[POST]}" onto public com.example.demo.util.JsonData com.example.demo.controller.shiro.pub.PublicController.login(com.example.demo.dto.QueryUser,javax.servlet.http.HttpServletRequest,javax.servlet.http.HttpServletResponse)
2020-05-19 09:45:41.320 INFO [main]o.s.w.s.m.method.annotation.RequestMappingHandlerMapping.register:549 -Mapped "{[/video/update]}" onto public java.lang.String com.example.demo.controller.shiro.role.EditorRoleController.query()
2020-05-19 09:45:41.321 INFO [main]o.s.w.s.m.method.annotation.RequestMappingHandlerMapping.register:549 -Mapped "{[/admin/query],methods=[POST]}" onto public java.lang.String com.example.demo.controller.shiro.root.AdminRoleController.query()
2020-05-19 09:45:41.323 INFO [main]o.s.w.s.m.method.annotation.RequestMappingHandlerMapping.register:549 -Mapped "{[/test/es],methods=[GET]}" onto public com.example.demo.util.JsonData com.example.demo.test.es.TestController.testEs() throws java.io.IOException
2020-05-19 09:45:41.331 INFO [main]o.s.w.s.m.method.annotation.RequestMappingHandlerMapping.register:549 -Mapped "{[/error]}" onto public org.springframework.http.ResponseEntity<java.util.Map<java.lang.String, java.lang.Object>> org.springframework.boot.autoconfigure.web.servlet.error.BasicErrorController.error(javax.servlet.http.HttpServletRequest)
2020-05-19 09:45:41.332 INFO [main]o.s.w.s.m.method.annotation.RequestMappingHandlerMapping.register:549 -Mapped "{[/error],produces=[text/html]}" onto public org.springframework.web.servlet.ModelAndView org.springframework.boot.autoconfigure.web.servlet.error.BasicErrorController.errorHtml(javax.servlet.http.HttpServletRequest,javax.servlet.http.HttpServletResponse)
2020-05-19 09:45:41.473 INFO [main]o.s.w.s.m.method.annotation.RequestMappingHandlerAdapter.initControllerAdviceCache:588 -Looking for @ControllerAdvice: org.springframework.boot.web.servlet.context.AnnotationConfigServletWebServerApplicationContext@5ef6ae06: startup date [Tue May 19 09:45:12 CST 2020]; root of context hierarchy
2020-05-19 09:45:41.561 INFO [main]o.s.w.s.m.m.annotation.ExceptionHandlerExceptionResolver.initExceptionHandlerAdviceCache:288 -Detected @ExceptionHandler methods in customExceptionHandler
2020-05-19 09:45:42.467 INFO [main]o.s.jmx.export.annotation.AnnotationMBeanExporter.afterSingletonsInstantiated:433 -Registering beans for JMX exposure on startup
2020-05-19 09:45:42.468 INFO [main]o.s.jmx.export.annotation.AnnotationMBeanExporter.autodetect:895 -Bean with name 'dataSource' has been autodetected for JMX exposure
2020-05-19 09:45:42.476 INFO [main]o.s.jmx.export.annotation.AnnotationMBeanExporter.registerBeanInstance:668 -Located MBean 'dataSource': registering with JMX server as MBean [com.zaxxer.hikari:name=dataSource,type=HikariDataSource]
2020-05-19 09:45:42.504 INFO [main]org.apache.coyote.http11.Http11NioProtocol.log:180 -Starting ProtocolHandler ["http-nio-8080"]
2020-05-19 09:45:42.506 INFO [main]org.apache.tomcat.util.net.NioSelectorPool.log:180 -Using a shared selector for servlet write/read
2020-05-19 09:45:42.536 INFO [main]o.s.boot.web.embedded.tomcat.TomcatWebServer.start:206 -Tomcat started on port(s): 8080 (http) with context path ''
2020-05-19 09:45:42.542 INFO [main]com.example.demo.DemoApplication.logStarted:59 -Started DemoApplication in 54.013 seconds (JVM running for 71.186)
2020-05-19 09:52:14.509 INFO [Thread-44]o.s.b.w.s.c.AnnotationConfigServletWebServerApplicationContext.doClose:993 -Closing org.springframework.boot.web.servlet.context.AnnotationConfigServletWebServerApplicationContext@5ef6ae06: startup date [Tue May 19 09:45:12 CST 2020]; root of context hierarchy
2020-05-19 09:52:14.513 INFO [Thread-44]o.s.jmx.export.annotation.AnnotationMBeanExporter.destroy:451 -Unregistering JMX-exposed beans on shutdown
2020-05-19 09:52:14.514 INFO [Thread-44]o.s.jmx.export.annotation.AnnotationMBeanExporter.unregisterBeans:185 -Unregistering JMX-exposed beans
2020-05-19 09:52:58.620 INFO [main]com.example.demo.DemoApplication.logStarting:50 -Starting DemoApplication on DESKTOP-F8FBPPM with PID 155440 (started by Sakura in F:\文档\study\shiro\xdclass\springBoot_shiro)
2020-05-19 09:52:58.630 INFO [main]com.example.demo.DemoApplication.logStartupProfileInfo:680 -No active profile set, falling back to default profiles: default
2020-05-19 09:53:00.751 INFO [main]o.s.b.w.s.c.AnnotationConfigServletWebServerApplicationContext.prepareRefresh:590 -Refreshing org.springframework.boot.web.servlet.context.AnnotationConfigServletWebServerApplicationContext@b1712f3: startup date [Tue May 19 09:53:00 CST 2020]; root of context hierarchy
2020-05-19 09:55:11.470 INFO [main]com.example.demo.DemoApplication.logStarting:50 -Starting DemoApplication on DESKTOP-F8FBPPM with PID 78404 (started by Sakura in F:\文档\study\shiro\xdclass\springBoot_shiro)
2020-05-19 09:55:11.478 INFO [main]com.example.demo.DemoApplication.logStartupProfileInfo:680 -No active profile set, falling back to default profiles: default
2020-05-19 09:55:13.877 INFO [main]o.s.b.w.s.c.AnnotationConfigServletWebServerApplicationContext.prepareRefresh:590 -Refreshing org.springframework.boot.web.servlet.context.AnnotationConfigServletWebServerApplicationContext@76012793: startup date [Tue May 19 09:55:13 CST 2020]; root of context hierarchy
