2020-06-17 10:09:25.057 INFO [main]com.example.demo.DemoApplication.logStarting:50 -Starting DemoApplication on DESKTOP-F8FBPPM with PID 12548 (F:\message\study\framework\shiro\xdclass\springBoot_shiro\target\classes started by Sakura in F:\message\study\framework\shiro\xdclass\springBoot_shiro)
2020-06-17 10:09:25.066 INFO [main]com.example.demo.DemoApplication.logStartupProfileInfo:680 -No active profile set, falling back to default profiles: default
2020-06-17 10:09:25.298 INFO [main]o.s.b.w.s.c.AnnotationConfigServletWebServerApplicationContext.prepareRefresh:590 -Refreshing org.springframework.boot.web.servlet.context.AnnotationConfigServletWebServerApplicationContext@614df0a4: startup date [Wed Jun 17 10:09:25 CST 2020]; root of context hierarchy
2020-06-17 10:09:26.896 INFO [main]o.s.d.repository.config.RepositoryConfigurationDelegate.multipleStoresDetected:172 -Multiple Spring Data modules found, entering strict repository configuration mode!
2020-06-17 10:09:27.568 INFO [main]o.s.c.s.PostProcessorRegistrationDelegate$BeanPostProcessorChecker.postProcessAfterInitialization:326 -Bean 'shiroConfig' of type [com.example.demo.config.shiro.ShiroConfig$$EnhancerBySpringCGLIB$$eca34d0] is not eligible for getting processed by all BeanPostProcessors (for example: not eligible for auto-proxying)
2020-06-17 10:09:28.881 INFO [main]o.s.c.s.PostProcessorRegistrationDelegate$BeanPostProcessorChecker.postProcessAfterInitialization:326 -Bean 'org.springframework.boot.context.properties.ConversionServiceDeducer$Factory' of type [org.springframework.boot.context.properties.ConversionServiceDeducer$Factory] is not eligible for getting processed by all BeanPostProcessors (for example: not eligible for auto-proxying)
2020-06-17 10:09:29.057 INFO [main]o.s.c.s.PostProcessorRegistrationDelegate$BeanPostProcessorChecker.postProcessAfterInitialization:326 -Bean 'mybatis-org.mybatis.spring.boot.autoconfigure.MybatisProperties' of type [org.mybatis.spring.boot.autoconfigure.MybatisProperties] is not eligible for getting processed by all BeanPostProcessors (for example: not eligible for auto-proxying)
2020-06-17 10:09:29.072 INFO [main]o.s.c.s.PostProcessorRegistrationDelegate$BeanPostProcessorChecker.postProcessAfterInitialization:326 -Bean 'org.mybatis.spring.boot.autoconfigure.MybatisAutoConfiguration' of type [org.mybatis.spring.boot.autoconfigure.MybatisAutoConfiguration$$EnhancerBySpringCGLIB$$91ea4c57] is not eligible for getting processed by all BeanPostProcessors (for example: not eligible for auto-proxying)
2020-06-17 10:09:29.077 INFO [main]o.s.c.s.PostProcessorRegistrationDelegate$BeanPostProcessorChecker.postProcessAfterInitialization:326 -Bean 'org.springframework.boot.autoconfigure.jdbc.DataSourceConfiguration$Hikari' of type [org.springframework.boot.autoconfigure.jdbc.DataSourceConfiguration$Hikari] is not eligible for getting processed by all BeanPostProcessors (for example: not eligible for auto-proxying)
2020-06-17 10:09:29.096 INFO [main]o.s.c.s.PostProcessorRegistrationDelegate$BeanPostProcessorChecker.postProcessAfterInitialization:326 -Bean 'spring.datasource-org.springframework.boot.autoconfigure.jdbc.DataSourceProperties' of type [org.springframework.boot.autoconfigure.jdbc.DataSourceProperties] is not eligible for getting processed by all BeanPostProcessors (for example: not eligible for auto-proxying)
2020-06-17 10:09:29.254 INFO [main]o.s.c.s.PostProcessorRegistrationDelegate$BeanPostProcessorChecker.postProcessAfterInitialization:326 -Bean 'dataSource' of type [com.zaxxer.hikari.HikariDataSource] is not eligible for getting processed by all BeanPostProcessors (for example: not eligible for auto-proxying)
2020-06-17 10:09:29.269 INFO [main]o.s.c.s.PostProcessorRegistrationDelegate$BeanPostProcessorChecker.postProcessAfterInitialization:326 -Bean 'sqlSessionFactory' of type [org.apache.ibatis.session.defaults.DefaultSqlSessionFactory] is not eligible for getting processed by all BeanPostProcessors (for example: not eligible for auto-proxying)
2020-06-17 10:09:29.286 INFO [main]o.s.c.s.PostProcessorRegistrationDelegate$BeanPostProcessorChecker.postProcessAfterInitialization:326 -Bean 'sqlSessionTemplate' of type [org.mybatis.spring.SqlSessionTemplate] is not eligible for getting processed by all BeanPostProcessors (for example: not eligible for auto-proxying)
2020-06-17 10:09:29.336 INFO [main]o.s.c.s.PostProcessorRegistrationDelegate$BeanPostProcessorChecker.postProcessAfterInitialization:326 -Bean 'userMapper' of type [org.mybatis.spring.mapper.MapperFactoryBean] is not eligible for getting processed by all BeanPostProcessors (for example: not eligible for auto-proxying)
2020-06-17 10:09:29.338 INFO [main]o.s.c.s.PostProcessorRegistrationDelegate$BeanPostProcessorChecker.postProcessAfterInitialization:326 -Bean 'userMapper' of type [com.sun.proxy.$Proxy66] is not eligible for getting processed by all BeanPostProcessors (for example: not eligible for auto-proxying)
2020-06-17 10:09:29.340 INFO [main]o.s.c.s.PostProcessorRegistrationDelegate$BeanPostProcessorChecker.postProcessAfterInitialization:326 -Bean 'userServiceImpl' of type [com.example.demo.service.impl.UserServiceImpl] is not eligible for getting processed by all BeanPostProcessors (for example: not eligible for auto-proxying)
2020-06-17 10:09:29.341 INFO [main]o.s.c.s.PostProcessorRegistrationDelegate$BeanPostProcessorChecker.postProcessAfterInitialization:326 -Bean 'customRealm' of type [com.example.demo.config.shiro.realm.CustomRealm] is not eligible for getting processed by all BeanPostProcessors (for example: not eligible for auto-proxying)
2020-06-17 10:09:29.353 INFO [main]o.s.c.s.PostProcessorRegistrationDelegate$BeanPostProcessorChecker.postProcessAfterInitialization:326 -Bean 'getRedisManager' of type [org.crazycake.shiro.RedisManager] is not eligible for getting processed by all BeanPostProcessors (for example: not eligible for auto-proxying)
2020-06-17 10:09:29.359 INFO [main]o.s.c.s.PostProcessorRegistrationDelegate$BeanPostProcessorChecker.postProcessAfterInitialization:326 -Bean 'redisCacheManager' of type [org.crazycake.shiro.RedisCacheManager] is not eligible for getting processed by all BeanPostProcessors (for example: not eligible for auto-proxying)
2020-06-17 10:09:29.368 INFO [main]o.s.c.s.PostProcessorRegistrationDelegate$BeanPostProcessorChecker.postProcessAfterInitialization:326 -Bean 'customCreateSessionid' of type [com.example.demo.config.shiro.sessionid.CustomCreateSessionid] is not eligible for getting processed by all BeanPostProcessors (for example: not eligible for auto-proxying)
2020-06-17 10:09:29.375 INFO [main]o.s.c.s.PostProcessorRegistrationDelegate$BeanPostProcessorChecker.postProcessAfterInitialization:326 -Bean 'getRedisSessionDAO' of type [org.crazycake.shiro.RedisSessionDAO] is not eligible for getting processed by all BeanPostProcessors (for example: not eligible for auto-proxying)
2020-06-17 10:09:29.394 INFO [main]o.s.c.s.PostProcessorRegistrationDelegate$BeanPostProcessorChecker.postProcessAfterInitialization:326 -Bean 'sessionManager' of type [org.apache.shiro.web.session.mgt.DefaultWebSessionManager] is not eligible for getting processed by all BeanPostProcessors (for example: not eligible for auto-proxying)
2020-06-17 10:09:29.414 INFO [main]o.s.c.s.PostProcessorRegistrationDelegate$BeanPostProcessorChecker.postProcessAfterInitialization:326 -Bean 'securityManager' of type [org.apache.shiro.web.mgt.DefaultWebSecurityManager] is not eligible for getting processed by all BeanPostProcessors (for example: not eligible for auto-proxying)
2020-06-17 10:09:29.508 INFO [main]o.s.c.s.PostProcessorRegistrationDelegate$BeanPostProcessorChecker.postProcessAfterInitialization:326 -Bean 'org.springframework.transaction.annotation.ProxyTransactionManagementConfiguration' of type [org.springframework.transaction.annotation.ProxyTransactionManagementConfiguration$$EnhancerBySpringCGLIB$$5f15fb27] is not eligible for getting processed by all BeanPostProcessors (for example: not eligible for auto-proxying)
2020-06-17 10:09:30.492 INFO [main]o.s.boot.web.embedded.tomcat.TomcatWebServer.initialize:91 -Tomcat initialized with port(s): 8080 (http)
2020-06-17 10:09:30.516 INFO [main]org.apache.coyote.http11.Http11NioProtocol.log:180 -Initializing ProtocolHandler ["http-nio-8080"]
2020-06-17 10:09:30.537 INFO [main]org.apache.catalina.core.StandardService.log:180 -Starting service [Tomcat]
2020-06-17 10:09:30.537 INFO [main]org.apache.catalina.core.StandardEngine.log:180 -Starting Servlet Engine: Apache Tomcat/8.5.34
2020-06-17 10:09:30.545 INFO [localhost-startStop-1]org.apache.catalina.core.AprLifecycleListener.log:180 -The APR based Apache Tomcat Native library which allows optimal performance in production environments was not found on the java.library.path: [D:\configure\jdk1.8\bin;C:\WINDOWS\Sun\Java\bin;C:\WINDOWS\system32;C:\WINDOWS;G:\oracle\product\10.2.0\db_1\bin;D:\configure\jdk1.8\bin;C:\Program Files (x86)\Common Files\Oracle\Java\javapath;C:\WINDOWS\system32;C:\WINDOWS;C:\WINDOWS\System32\Wbem;C:\WINDOWS\System32\WindowsPowerShell\v1.0\;C:\WINDOWS\System32\OpenSSH\;D:\Program Files\apache-maven-3.3.9\bin;%ZOOKEEPER_HOME%\bin;%ZOOKEEPER_HOME%\conf;C:\Program Files\dotnet\;C:\Program Files (x86)\dotnet\;D:\Program Files\gradle-5.2.1\bin;D:\Program Files\git\cmd;C:\Program Files\node-v8.9.3-win-x64;D:\Program Files\OCR\Tesseract-OCR;D:\configure\PY\Scripts\;D:\configure\PY\;C:\Users\Sakura\AppData\Local\Microsoft\WindowsApps;C:\Users\Sakura\AppData\Roaming\npm;D:\Fidder\Fiddler;.]
2020-06-17 10:09:31.023 INFO [localhost-startStop-1]o.a.catalina.core.ContainerBase.[Tomcat].[localhost].[/].log:180 -Initializing Spring embedded WebApplicationContext
2020-06-17 10:09:31.024 INFO [localhost-startStop-1]org.springframework.web.context.ContextLoader.prepareWebApplicationContext:285 -Root WebApplicationContext: initialization completed in 5726 ms
2020-06-17 10:09:31.670 INFO [localhost-startStop-1]o.s.boot.web.servlet.FilterRegistrationBean.configure:245 -Mapping filter: 'characterEncodingFilter' to: [/*]
2020-06-17 10:09:31.671 INFO [localhost-startStop-1]o.s.boot.web.servlet.FilterRegistrationBean.configure:245 -Mapping filter: 'sessionRepositoryFilter' to: [/*]
2020-06-17 10:09:31.672 INFO [localhost-startStop-1]o.s.boot.web.servlet.FilterRegistrationBean.configure:245 -Mapping filter: 'checkDeviceFilter' to: [/*]
2020-06-17 10:09:31.672 INFO [localhost-startStop-1]o.s.boot.web.servlet.FilterRegistrationBean.configure:245 -Mapping filter: 'CSRFFilter' to: [/*]
2020-06-17 10:09:31.672 INFO [localhost-startStop-1]o.s.boot.web.servlet.FilterRegistrationBean.configure:245 -Mapping filter: 'xssFilter' to: [/*]
2020-06-17 10:09:31.672 INFO [localhost-startStop-1]o.s.boot.web.servlet.FilterRegistrationBean.configure:245 -Mapping filter: 'shiroFilterFactoryBean' to: [/*]
2020-06-17 10:09:31.672 INFO [localhost-startStop-1]o.s.boot.web.servlet.ServletRegistrationBean.addRegistration:187 -Servlet dispatcherServlet mapped to [/]
2020-06-17 10:09:32.595 INFO [main]o.s.w.s.m.method.annotation.RequestMappingHandlerMapping.register:549 -Mapped "{[/authc/query]}" onto public java.lang.String com.example.demo.controller.shiro.authc.UserController.query()
2020-06-17 10:09:32.598 INFO [main]o.s.w.s.m.method.annotation.RequestMappingHandlerMapping.register:549 -Mapped "{[/authc/queryUser],methods=[POST]}" onto public com.example.demo.domain.Users com.example.demo.controller.shiro.authc.UserController.queryUser(javax.servlet.http.HttpServletRequest)
2020-06-17 10:09:32.600 INFO [main]o.s.w.s.m.method.annotation.RequestMappingHandlerMapping.register:549 -Mapped "{[/pub/login],methods=[POST]}" onto public com.example.demo.util.JsonData com.example.demo.controller.shiro.pub.PublicController.login(com.example.demo.dto.QueryUser,javax.servlet.http.HttpServletRequest,javax.servlet.http.HttpServletResponse)
2020-06-17 10:09:32.600 INFO [main]o.s.w.s.m.method.annotation.RequestMappingHandlerMapping.register:549 -Mapped "{[/pub/testRedisBloom/{value}]}" onto public java.lang.String com.example.demo.controller.shiro.pub.PublicController.testRedisBloom(java.lang.String)
2020-06-17 10:09:32.601 INFO [main]o.s.w.s.m.method.annotation.RequestMappingHandlerMapping.register:549 -Mapped "{[/pub/not_permit]}" onto public java.lang.String com.example.demo.controller.shiro.pub.PublicController.notPermit()
2020-06-17 10:09:32.601 INFO [main]o.s.w.s.m.method.annotation.RequestMappingHandlerMapping.register:549 -Mapped "{[/pub/need_login]}" onto public java.lang.String com.example.demo.controller.shiro.pub.PublicController.needLogin()
2020-06-17 10:09:32.603 INFO [main]o.s.w.s.m.method.annotation.RequestMappingHandlerMapping.register:549 -Mapped "{[/video/update]}" onto public java.lang.String com.example.demo.controller.shiro.role.EditorRoleController.query()
2020-06-17 10:09:32.605 INFO [main]o.s.w.s.m.method.annotation.RequestMappingHandlerMapping.register:549 -Mapped "{[/admin/query],methods=[POST]}" onto public java.lang.String com.example.demo.controller.shiro.root.AdminRoleController.query()
2020-06-17 10:09:32.607 INFO [main]o.s.w.s.m.method.annotation.RequestMappingHandlerMapping.register:549 -Mapped "{[/test/es],methods=[GET]}" onto public com.example.demo.util.JsonData com.example.demo.test.es.TestController.testEs() throws java.io.IOException
2020-06-17 10:09:32.619 INFO [main]o.s.w.s.m.method.annotation.RequestMappingHandlerMapping.register:549 -Mapped "{[/error]}" onto public org.springframework.http.ResponseEntity<java.util.Map<java.lang.String, java.lang.Object>> org.springframework.boot.autoconfigure.web.servlet.error.BasicErrorController.error(javax.servlet.http.HttpServletRequest)
2020-06-17 10:09:32.620 INFO [main]o.s.w.s.m.method.annotation.RequestMappingHandlerMapping.register:549 -Mapped "{[/error],produces=[text/html]}" onto public org.springframework.web.servlet.ModelAndView org.springframework.boot.autoconfigure.web.servlet.error.BasicErrorController.errorHtml(javax.servlet.http.HttpServletRequest,javax.servlet.http.HttpServletResponse)
2020-06-17 10:09:32.934 INFO [main]o.s.w.s.m.method.annotation.RequestMappingHandlerAdapter.initControllerAdviceCache:588 -Looking for @ControllerAdvice: org.springframework.boot.web.servlet.context.AnnotationConfigServletWebServerApplicationContext@614df0a4: startup date [Wed Jun 17 10:09:25 CST 2020]; root of context hierarchy
2020-06-17 10:09:33.021 INFO [main]o.s.w.s.m.m.annotation.ExceptionHandlerExceptionResolver.initExceptionHandlerAdviceCache:288 -Detected @ExceptionHandler methods in customExceptionHandler
2020-06-17 10:09:34.290 INFO [main]io.lettuce.core.EpollProvider.info:101 -Starting without optional epoll library
2020-06-17 10:09:34.296 INFO [main]io.lettuce.core.KqueueProvider.info:101 -Starting without optional kqueue library
2020-06-17 15:45:32.127 INFO [main]com.example.demo.DemoApplication.logStarting:50 -Starting DemoApplication on DESKTOP-F8FBPPM with PID 6596 (F:\message\study\framework\shiro\xdclass\springBoot_shiro\target\classes started by Sakura in F:\message\study\framework\shiro\xdclass\springBoot_shiro)
2020-06-17 15:45:32.145 INFO [main]com.example.demo.DemoApplication.logStartupProfileInfo:680 -No active profile set, falling back to default profiles: default
2020-06-17 15:45:32.366 INFO [main]o.s.b.w.s.c.AnnotationConfigServletWebServerApplicationContext.prepareRefresh:590 -Refreshing org.springframework.boot.web.servlet.context.AnnotationConfigServletWebServerApplicationContext@4097cac: startup date [Wed Jun 17 15:45:32 CST 2020]; root of context hierarchy
2020-06-17 15:45:34.067 INFO [main]o.s.d.repository.config.RepositoryConfigurationDelegate.multipleStoresDetected:172 -Multiple Spring Data modules found, entering strict repository configuration mode!
2020-06-17 15:45:34.633 INFO [main]o.s.c.s.PostProcessorRegistrationDelegate$BeanPostProcessorChecker.postProcessAfterInitialization:326 -Bean 'shiroConfig' of type [com.example.demo.config.shiro.ShiroConfig$$EnhancerBySpringCGLIB$$7d65b794] is not eligible for getting processed by all BeanPostProcessors (for example: not eligible for auto-proxying)
2020-06-17 15:45:35.879 INFO [main]o.s.c.s.PostProcessorRegistrationDelegate$BeanPostProcessorChecker.postProcessAfterInitialization:326 -Bean 'org.springframework.boot.context.properties.ConversionServiceDeducer$Factory' of type [org.springframework.boot.context.properties.ConversionServiceDeducer$Factory] is not eligible for getting processed by all BeanPostProcessors (for example: not eligible for auto-proxying)
2020-06-17 15:45:36.015 INFO [main]o.s.c.s.PostProcessorRegistrationDelegate$BeanPostProcessorChecker.postProcessAfterInitialization:326 -Bean 'mybatis-org.mybatis.spring.boot.autoconfigure.MybatisProperties' of type [org.mybatis.spring.boot.autoconfigure.MybatisProperties] is not eligible for getting processed by all BeanPostProcessors (for example: not eligible for auto-proxying)
2020-06-17 15:45:36.028 INFO [main]o.s.c.s.PostProcessorRegistrationDelegate$BeanPostProcessorChecker.postProcessAfterInitialization:326 -Bean 'org.mybatis.spring.boot.autoconfigure.MybatisAutoConfiguration' of type [org.mybatis.spring.boot.autoconfigure.MybatisAutoConfiguration$$EnhancerBySpringCGLIB$$85cf1b] is not eligible for getting processed by all BeanPostProcessors (for example: not eligible for auto-proxying)
2020-06-17 15:45:36.033 INFO [main]o.s.c.s.PostProcessorRegistrationDelegate$BeanPostProcessorChecker.postProcessAfterInitialization:326 -Bean 'org.springframework.boot.autoconfigure.jdbc.DataSourceConfiguration$Hikari' of type [org.springframework.boot.autoconfigure.jdbc.DataSourceConfiguration$Hikari] is not eligible for getting processed by all BeanPostProcessors (for example: not eligible for auto-proxying)
2020-06-17 15:45:36.049 INFO [main]o.s.c.s.PostProcessorRegistrationDelegate$BeanPostProcessorChecker.postProcessAfterInitialization:326 -Bean 'spring.datasource-org.springframework.boot.autoconfigure.jdbc.DataSourceProperties' of type [org.springframework.boot.autoconfigure.jdbc.DataSourceProperties] is not eligible for getting processed by all BeanPostProcessors (for example: not eligible for auto-proxying)
2020-06-17 15:45:36.234 INFO [main]o.s.c.s.PostProcessorRegistrationDelegate$BeanPostProcessorChecker.postProcessAfterInitialization:326 -Bean 'dataSource' of type [com.zaxxer.hikari.HikariDataSource] is not eligible for getting processed by all BeanPostProcessors (for example: not eligible for auto-proxying)
2020-06-17 15:45:36.247 INFO [main]o.s.c.s.PostProcessorRegistrationDelegate$BeanPostProcessorChecker.postProcessAfterInitialization:326 -Bean 'sqlSessionFactory' of type [org.apache.ibatis.session.defaults.DefaultSqlSessionFactory] is not eligible for getting processed by all BeanPostProcessors (for example: not eligible for auto-proxying)
2020-06-17 15:45:36.261 INFO [main]o.s.c.s.PostProcessorRegistrationDelegate$BeanPostProcessorChecker.postProcessAfterInitialization:326 -Bean 'sqlSessionTemplate' of type [org.mybatis.spring.SqlSessionTemplate] is not eligible for getting processed by all BeanPostProcessors (for example: not eligible for auto-proxying)
2020-06-17 15:45:36.306 INFO [main]o.s.c.s.PostProcessorRegistrationDelegate$BeanPostProcessorChecker.postProcessAfterInitialization:326 -Bean 'userMapper' of type [org.mybatis.spring.mapper.MapperFactoryBean] is not eligible for getting processed by all BeanPostProcessors (for example: not eligible for auto-proxying)
2020-06-17 15:45:36.308 INFO [main]o.s.c.s.PostProcessorRegistrationDelegate$BeanPostProcessorChecker.postProcessAfterInitialization:326 -Bean 'userMapper' of type [com.sun.proxy.$Proxy66] is not eligible for getting processed by all BeanPostProcessors (for example: not eligible for auto-proxying)
2020-06-17 15:45:36.310 INFO [main]o.s.c.s.PostProcessorRegistrationDelegate$BeanPostProcessorChecker.postProcessAfterInitialization:326 -Bean 'userServiceImpl' of type [com.example.demo.service.impl.UserServiceImpl] is not eligible for getting processed by all BeanPostProcessors (for example: not eligible for auto-proxying)
2020-06-17 15:45:36.311 INFO [main]o.s.c.s.PostProcessorRegistrationDelegate$BeanPostProcessorChecker.postProcessAfterInitialization:326 -Bean 'customRealm' of type [com.example.demo.config.shiro.realm.CustomRealm] is not eligible for getting processed by all BeanPostProcessors (for example: not eligible for auto-proxying)
2020-06-17 15:45:36.322 INFO [main]o.s.c.s.PostProcessorRegistrationDelegate$BeanPostProcessorChecker.postProcessAfterInitialization:326 -Bean 'getRedisManager' of type [org.crazycake.shiro.RedisManager] is not eligible for getting processed by all BeanPostProcessors (for example: not eligible for auto-proxying)
2020-06-17 15:45:36.328 INFO [main]o.s.c.s.PostProcessorRegistrationDelegate$BeanPostProcessorChecker.postProcessAfterInitialization:326 -Bean 'redisCacheManager' of type [org.crazycake.shiro.RedisCacheManager] is not eligible for getting processed by all BeanPostProcessors (for example: not eligible for auto-proxying)
2020-06-17 15:45:36.336 INFO [main]o.s.c.s.PostProcessorRegistrationDelegate$BeanPostProcessorChecker.postProcessAfterInitialization:326 -Bean 'customCreateSessionid' of type [com.example.demo.config.shiro.sessionid.CustomCreateSessionid] is not eligible for getting processed by all BeanPostProcessors (for example: not eligible for auto-proxying)
2020-06-17 15:45:36.343 INFO [main]o.s.c.s.PostProcessorRegistrationDelegate$BeanPostProcessorChecker.postProcessAfterInitialization:326 -Bean 'getRedisSessionDAO' of type [org.crazycake.shiro.RedisSessionDAO] is not eligible for getting processed by all BeanPostProcessors (for example: not eligible for auto-proxying)
2020-06-17 15:45:36.366 INFO [main]o.s.c.s.PostProcessorRegistrationDelegate$BeanPostProcessorChecker.postProcessAfterInitialization:326 -Bean 'sessionManager' of type [org.apache.shiro.web.session.mgt.DefaultWebSessionManager] is not eligible for getting processed by all BeanPostProcessors (for example: not eligible for auto-proxying)
2020-06-17 15:45:36.396 INFO [main]o.s.c.s.PostProcessorRegistrationDelegate$BeanPostProcessorChecker.postProcessAfterInitialization:326 -Bean 'securityManager' of type [org.apache.shiro.web.mgt.DefaultWebSecurityManager] is not eligible for getting processed by all BeanPostProcessors (for example: not eligible for auto-proxying)
2020-06-17 15:45:36.535 INFO [main]o.s.c.s.PostProcessorRegistrationDelegate$BeanPostProcessorChecker.postProcessAfterInitialization:326 -Bean 'org.springframework.transaction.annotation.ProxyTransactionManagementConfiguration' of type [org.springframework.transaction.annotation.ProxyTransactionManagementConfiguration$$EnhancerBySpringCGLIB$$cdb17deb] is not eligible for getting processed by all BeanPostProcessors (for example: not eligible for auto-proxying)
2020-06-17 15:45:37.436 INFO [main]o.s.boot.web.embedded.tomcat.TomcatWebServer.initialize:91 -Tomcat initialized with port(s): 8080 (http)
2020-06-17 15:45:37.459 INFO [main]org.apache.coyote.http11.Http11NioProtocol.log:180 -Initializing ProtocolHandler ["http-nio-8080"]
2020-06-17 15:45:37.479 INFO [main]org.apache.catalina.core.StandardService.log:180 -Starting service [Tomcat]
2020-06-17 15:45:37.479 INFO [main]org.apache.catalina.core.StandardEngine.log:180 -Starting Servlet Engine: Apache Tomcat/8.5.34
2020-06-17 15:45:37.486 INFO [localhost-startStop-1]org.apache.catalina.core.AprLifecycleListener.log:180 -The APR based Apache Tomcat Native library which allows optimal performance in production environments was not found on the java.library.path: [D:\configure\jdk1.8\bin;C:\WINDOWS\Sun\Java\bin;C:\WINDOWS\system32;C:\WINDOWS;G:\oracle\product\10.2.0\db_1\bin;D:\configure\jdk1.8\bin;C:\Program Files (x86)\Common Files\Oracle\Java\javapath;C:\WINDOWS\system32;C:\WINDOWS;C:\WINDOWS\System32\Wbem;C:\WINDOWS\System32\WindowsPowerShell\v1.0\;C:\WINDOWS\System32\OpenSSH\;D:\Program Files\apache-maven-3.3.9\bin;%ZOOKEEPER_HOME%\bin;%ZOOKEEPER_HOME%\conf;C:\Program Files\dotnet\;C:\Program Files (x86)\dotnet\;D:\Program Files\gradle-5.2.1\bin;D:\Program Files\git\cmd;C:\Program Files\node-v8.9.3-win-x64;D:\Program Files\OCR\Tesseract-OCR;D:\configure\PY\Scripts\;D:\configure\PY\;C:\Users\Sakura\AppData\Local\Microsoft\WindowsApps;C:\Users\Sakura\AppData\Roaming\npm;D:\Fidder\Fiddler;.]
2020-06-17 15:45:37.766 INFO [localhost-startStop-1]o.a.catalina.core.ContainerBase.[Tomcat].[localhost].[/].log:180 -Initializing Spring embedded WebApplicationContext
2020-06-17 15:45:37.767 INFO [localhost-startStop-1]org.springframework.web.context.ContextLoader.prepareWebApplicationContext:285 -Root WebApplicationContext: initialization completed in 5401 ms
2020-06-17 15:45:38.358 INFO [localhost-startStop-1]o.s.boot.web.servlet.FilterRegistrationBean.configure:245 -Mapping filter: 'characterEncodingFilter' to: [/*]
2020-06-17 15:45:38.359 INFO [localhost-startStop-1]o.s.boot.web.servlet.FilterRegistrationBean.configure:245 -Mapping filter: 'sessionRepositoryFilter' to: [/*]
2020-06-17 15:45:38.359 INFO [localhost-startStop-1]o.s.boot.web.servlet.FilterRegistrationBean.configure:245 -Mapping filter: 'checkDeviceFilter' to: [/*]
2020-06-17 15:45:38.359 INFO [localhost-startStop-1]o.s.boot.web.servlet.FilterRegistrationBean.configure:245 -Mapping filter: 'CSRFFilter' to: [/*]
2020-06-17 15:45:38.360 INFO [localhost-startStop-1]o.s.boot.web.servlet.FilterRegistrationBean.configure:245 -Mapping filter: 'xssFilter' to: [/*]
2020-06-17 15:45:38.360 INFO [localhost-startStop-1]o.s.boot.web.servlet.FilterRegistrationBean.configure:245 -Mapping filter: 'shiroFilterFactoryBean' to: [/*]
2020-06-17 15:45:38.360 INFO [localhost-startStop-1]o.s.boot.web.servlet.ServletRegistrationBean.addRegistration:187 -Servlet dispatcherServlet mapped to [/]
2020-06-17 15:45:39.271 INFO [main]o.s.w.s.m.method.annotation.RequestMappingHandlerMapping.register:549 -Mapped "{[/authc/query]}" onto public java.lang.String com.example.demo.controller.shiro.authc.UserController.query()
2020-06-17 15:45:39.276 INFO [main]o.s.w.s.m.method.annotation.RequestMappingHandlerMapping.register:549 -Mapped "{[/authc/queryUser],methods=[POST]}" onto public com.example.demo.domain.Users com.example.demo.controller.shiro.authc.UserController.queryUser(javax.servlet.http.HttpServletRequest)
2020-06-17 15:45:39.277 INFO [main]o.s.w.s.m.method.annotation.RequestMappingHandlerMapping.register:549 -Mapped "{[/pub/login],methods=[POST]}" onto public com.example.demo.util.JsonData com.example.demo.controller.shiro.pub.PublicController.login(com.example.demo.dto.QueryUser,javax.servlet.http.HttpServletRequest,javax.servlet.http.HttpServletResponse)
2020-06-17 15:45:39.278 INFO [main]o.s.w.s.m.method.annotation.RequestMappingHandlerMapping.register:549 -Mapped "{[/pub/not_permit]}" onto public java.lang.String com.example.demo.controller.shiro.pub.PublicController.notPermit()
2020-06-17 15:45:39.278 INFO [main]o.s.w.s.m.method.annotation.RequestMappingHandlerMapping.register:549 -Mapped "{[/pub/testRedisBloom/{value}]}" onto public java.lang.String com.example.demo.controller.shiro.pub.PublicController.testRedisBloom(java.lang.String)
2020-06-17 15:45:39.279 INFO [main]o.s.w.s.m.method.annotation.RequestMappingHandlerMapping.register:549 -Mapped "{[/pub/need_login]}" onto public java.lang.String com.example.demo.controller.shiro.pub.PublicController.needLogin()
2020-06-17 15:45:39.279 INFO [main]o.s.w.s.m.method.annotation.RequestMappingHandlerMapping.register:549 -Mapped "{[/video/update]}" onto public java.lang.String com.example.demo.controller.shiro.role.EditorRoleController.query()
2020-06-17 15:45:39.281 INFO [main]o.s.w.s.m.method.annotation.RequestMappingHandlerMapping.register:549 -Mapped "{[/admin/query],methods=[POST]}" onto public java.lang.String com.example.demo.controller.shiro.root.AdminRoleController.query()
2020-06-17 15:45:39.283 INFO [main]o.s.w.s.m.method.annotation.RequestMappingHandlerMapping.register:549 -Mapped "{[/test/es],methods=[GET]}" onto public com.example.demo.util.JsonData com.example.demo.test.es.TestController.testEs() throws java.io.IOException
2020-06-17 15:45:39.294 INFO [main]o.s.w.s.m.method.annotation.RequestMappingHandlerMapping.register:549 -Mapped "{[/error]}" onto public org.springframework.http.ResponseEntity<java.util.Map<java.lang.String, java.lang.Object>> org.springframework.boot.autoconfigure.web.servlet.error.BasicErrorController.error(javax.servlet.http.HttpServletRequest)
2020-06-17 15:45:39.294 INFO [main]o.s.w.s.m.method.annotation.RequestMappingHandlerMapping.register:549 -Mapped "{[/error],produces=[text/html]}" onto public org.springframework.web.servlet.ModelAndView org.springframework.boot.autoconfigure.web.servlet.error.BasicErrorController.errorHtml(javax.servlet.http.HttpServletRequest,javax.servlet.http.HttpServletResponse)
2020-06-17 15:45:39.495 INFO [main]o.s.w.s.m.method.annotation.RequestMappingHandlerAdapter.initControllerAdviceCache:588 -Looking for @ControllerAdvice: org.springframework.boot.web.servlet.context.AnnotationConfigServletWebServerApplicationContext@4097cac: startup date [Wed Jun 17 15:45:32 CST 2020]; root of context hierarchy
2020-06-17 15:45:39.583 INFO [main]o.s.w.s.m.m.annotation.ExceptionHandlerExceptionResolver.initExceptionHandlerAdviceCache:288 -Detected @ExceptionHandler methods in customExceptionHandler
2020-06-17 15:45:40.971 INFO [main]io.lettuce.core.EpollProvider.info:101 -Starting without optional epoll library
2020-06-17 15:45:40.978 INFO [main]io.lettuce.core.KqueueProvider.info:101 -Starting without optional kqueue library
2020-06-17 15:45:52.592 WARN [main]o.s.b.w.s.c.AnnotationConfigServletWebServerApplicationContext.refresh:558 -Exception encountered during context initialization - cancelling refresh attempt: org.springframework.beans.factory.BeanCreationException: Error creating bean with name 'enableRedisKeyspaceNotificationsInitializer' defined in class path resource [org/springframework/boot/autoconfigure/session/RedisSessionConfiguration$SpringBootRedisHttpSessionConfiguration.class]: Invocation of init method failed; nested exception is org.springframework.data.redis.RedisConnectionFailureException: Unable to connect to Redis; nested exception is io.lettuce.core.RedisConnectionException: Unable to connect to 192.168.8.109:6379
2020-06-17 15:45:52.593 INFO [main]o.s.jmx.export.annotation.AnnotationMBeanExporter.destroy:451 -Unregistering JMX-exposed beans on shutdown
2020-06-17 15:45:53.722 INFO [main]org.apache.catalina.core.StandardService.log:180 -Stopping service [Tomcat]
2020-06-17 15:45:53.746 INFO [main]o.s.b.a.logging.ConditionEvaluationReportLoggingListener.logAutoConfigurationReport:101 -

Error starting ApplicationContext. To display the conditions report re-run your application with 'debug' enabled.
